
Stating microfab....
[       microfabd] 2022/11/21 14:18:56 Starting Microfab ...
[       microfabd] 2022/11/21 14:18:56 Creating the TLS material localho.st
[         console] 2022/11/21 14:18:56 Creating new x509 cert '*.localho.st'
[         console] 2022/11/21 14:18:56 Creating new x509 cert '*.localho.st'
[       microfabd] 2022/11/21 14:18:56 Creating endorsing organization org2 ...
[       microfabd] 2022/11/21 14:18:56 Creating endorsing organization org1 ...
[         console] 2022/11/21 14:18:56 Creating new x509 cert 'org2 CA'
[         console] 2022/11/21 14:18:56 Creating new x509 cert 'org1 CA'
[       microfabd] 2022/11/21 14:18:56 Creating ordering organization Orderer ...
[         console] 2022/11/21 14:18:56 Creating new x509 cert 'Orderer CA'
[         console] 2022/11/21 14:18:56 Creating new x509 cert 'org2 Admin'
[         console] 2022/11/21 14:18:56 Creating new x509 cert 'org1 Admin'
[         console] 2022/11/21 14:18:56 Creating new x509 cert 'Orderer Admin'
[       microfabd] 2022/11/21 14:18:56 Created endorsing organization org1
[       microfabd] 2022/11/21 14:18:56 Created endorsing organization org2
[       microfabd] 2022/11/21 14:18:56 Created ordering organization Orderer
[       microfabd] 2022/11/21 14:18:56 Creating and starting CA for endorsing organization org2 ...
[       microfabd] 2022/11/21 14:18:56 Creating and starting peer for endorsing organization org1 ...
[       microfabd] 2022/11/21 14:18:56 Creating and starting orderer for ordering organization Orderer ...
[       microfabd] 2022/11/21 14:18:56 Creating and starting CA for endorsing organization org1 ...
[         console] 2022/11/21 14:18:56 Creating new x509 cert 'org1 Peer'
[       microfabd] 2022/11/21 14:18:56 Creating and starting peer for endorsing organization org2 ...
[         console] 2022/11/21 14:18:56 Creating new x509 cert 'Orderer Orderer'
[         console] 2022/11/21 14:18:56 Creating new x509 cert 'org2 Peer'
[         console] 2022/11/21 14:18:56 Creating peer with gossip URL https://org1peer-gossip.localho.st:4000
[         console] 2022/11/21 14:18:56 Creating peer with gossip URL https://org2peer-gossip.localho.st:4001
[        org2peer] 2022-11-21 14:18:56.973 UTC 0001 INFO [nodeCmd] serve -> Starting peer:
[        org2peer]  Version: 2.4.6
[        org2peer]  Commit SHA: 8359607
[        org2peer]  Go version: go1.18.8
[        org2peer]  OS/Arch: linux/amd64
[        org2peer]  Chaincode:
[        org2peer]   Base Docker Label: org.hyperledger.fabric
[        org2peer]   Docker Namespace: hyperledger
[        org2peer] 2022-11-21 14:18:56.973 UTC 0002 INFO [peer] getLocalAddress -> Auto-detected peer address: 172.19.0.2:2009
[        org2peer] 2022-11-21 14:18:56.973 UTC 0003 INFO [peer] getLocalAddress -> Host is 0.0.0.0 , falling back to auto-detected address: 172.19.0.2:2009
[         orderer] 2022-11-21 14:18:56.974 UTC 0001 INFO [localconfig] completeInitialization -> Kafka.Version unset, setting to 0.10.2.0
[         orderer] 2022-11-21 14:18:56.974 UTC 0002 INFO [orderer.common.server] prettyPrintStruct -> Orderer config values:
[         orderer] 	General.ListenAddress = "0.0.0.0"
[         orderer] 	General.ListenPort = 2005
[         orderer] 	General.TLS.Enabled = true
[         orderer] 	General.TLS.PrivateKey = "/home/microfab/data/orderer/tls/key.pem"
[         orderer] 	General.TLS.Certificate = "/home/microfab/data/orderer/tls/cert.pem"
[         orderer] 	General.TLS.RootCAs = [/home/microfab/data/orderer/tls/ca.pem]
[         orderer] 	General.TLS.ClientAuthRequired = false
[         orderer] 	General.TLS.ClientRootCAs = []
[         orderer] 	General.TLS.TLSHandshakeTimeShift = 0s
[         orderer] 	General.Cluster.ListenAddress = ""
[         orderer] 	General.Cluster.ListenPort = 0
[         orderer] 	General.Cluster.ServerCertificate = ""
[         orderer] 	General.Cluster.ServerPrivateKey = ""
[         orderer] 	General.Cluster.ClientCertificate = ""
[         orderer] 	General.Cluster.ClientPrivateKey = ""
[         orderer] 	General.Cluster.RootCAs = []
[         orderer] 	General.Cluster.DialTimeout = 5s
[         orderer] 	General.Cluster.RPCTimeout = 7s
[         orderer] 	General.Cluster.ReplicationBufferSize = 20971520
[         orderer] 	General.Cluster.ReplicationPullTimeout = 5s
[         orderer] 	General.Cluster.ReplicationRetryTimeout = 5s
[         orderer] 	General.Cluster.ReplicationBackgroundRefreshInterval = 5m0s
[         orderer] 	General.Cluster.ReplicationMaxRetries = 12
[         orderer] 	General.Cluster.SendBufferSize = 10
[         orderer] 	General.Cluster.CertExpirationWarningThreshold = 168h0m0s
[         orderer] 	General.Cluster.TLSHandshakeTimeShift = 0s
[         orderer] 	General.Keepalive.ServerMinInterval = 1m0s
[         orderer] 	General.Keepalive.ServerInterval = 2h0m0s
[         orderer] 	General.Keepalive.ServerTimeout = 20s
[         orderer] 	General.ConnectionTimeout = 0s
[         orderer] 	General.GenesisMethod = ""
[         orderer] 	General.GenesisFile = ""
[         orderer] 	General.BootstrapMethod = "file"
[         orderer] 	General.BootstrapFile = "/home/microfab/data/orderer/config/genesisblock"
[         orderer] 	General.Profile.Enabled = false
[         orderer] 	General.Profile.Address = "0.0.0.0:6060"
[         orderer] 	General.LocalMSPDir = "/home/microfab/data/orderer/msp"
[         orderer] 	General.LocalMSPID = "OrdererMSP"
[         orderer] 	General.BCCSP.Default = "SW"
[         orderer] 	General.BCCSP.SW.Security = 256
[         orderer] 	General.BCCSP.SW.Hash = "SHA2"
[         orderer] 	General.BCCSP.SW.FileKeystore.KeyStorePath = ""
[         orderer] 	General.Authentication.TimeWindow = 15m0s
[         orderer] 	General.Authentication.NoExpirationChecks = false
[         orderer] 	General.MaxRecvMsgSize = 104857600
[         orderer] 	General.MaxSendMsgSize = 104857600
[         orderer] 	FileLedger.Location = "/home/microfab/data/orderer/data"
[         orderer] 	FileLedger.Prefix = ""
[         orderer] 	Kafka.Retry.ShortInterval = 5s
[         orderer] 	Kafka.Retry.ShortTotal = 10m0s
[         orderer] 	Kafka.Retry.LongInterval = 5m0s
[         orderer] 	Kafka.Retry.LongTotal = 12h0m0s
[         orderer] 	Kafka.Retry.NetworkTimeouts.DialTimeout = 10s
[         orderer] 	Kafka.Retry.NetworkTimeouts.ReadTimeout = 10s
[         orderer] 	Kafka.Retry.NetworkTimeouts.WriteTimeout = 10s
[         orderer] 	Kafka.Retry.Metadata.RetryMax = 3
[         orderer] 	Kafka.Retry.Metadata.RetryBackoff = 250ms
[         orderer] 	Kafka.Retry.Producer.RetryMax = 3
[         orderer] 	Kafka.Retry.Producer.RetryBackoff = 100ms
[         orderer] 	Kafka.Retry.Consumer.RetryBackoff = 2s
[         orderer] 	Kafka.Verbose = false
[         orderer] 	Kafka.Version = 0.10.2.0
[         orderer] 	Kafka.TLS.Enabled = false
[         orderer] 	Kafka.TLS.PrivateKey = ""
[         orderer] 	Kafka.TLS.Certificate = ""
[         orderer] 	Kafka.TLS.RootCAs = []
[         orderer] 	Kafka.TLS.ClientAuthRequired = false
[         orderer] 	Kafka.TLS.ClientRootCAs = []
[         orderer] 	Kafka.TLS.TLSHandshakeTimeShift = 0s
[         orderer] 	Kafka.SASLPlain.Enabled = false
[         orderer] 	Kafka.SASLPlain.User = ""
[         orderer] 	Kafka.SASLPlain.Password = ""
[         orderer] 	Kafka.Topic.ReplicationFactor = 3
[         orderer] 	Debug.BroadcastTraceDir = ""
[         orderer] 	Debug.DeliverTraceDir = ""
[         orderer] 	Consensus = map[SnapDir:/home/microfab/data/orderer/data/etcdraft/snapshot WALDir:/home/microfab/data/orderer/data/etcdraft/wal]
[         orderer] 	Operations.ListenAddress = "0.0.0.0:2006"
[         orderer] 	Operations.TLS.Enabled = true
[         orderer] 	Operations.TLS.PrivateKey = "/home/microfab/data/orderer/tls/key.pem"
[         orderer] 	Operations.TLS.Certificate = "/home/microfab/data/orderer/tls/cert.pem"
[         orderer] 	Operations.TLS.RootCAs = []
[         orderer] 	Operations.TLS.ClientAuthRequired = false
[         orderer] 	Operations.TLS.ClientRootCAs = []
[         orderer] 	Operations.TLS.TLSHandshakeTimeShift = 0s
[         orderer] 	Metrics.Provider = "prometheus"
[         orderer] 	Metrics.Statsd.Network = "udp"
[         orderer] 	Metrics.Statsd.Address = "127.0.0.1:8125"
[         orderer] 	Metrics.Statsd.WriteInterval = 30s
[         orderer] 	Metrics.Statsd.Prefix = ""
[         orderer] 	ChannelParticipation.Enabled = false
[         orderer] 	ChannelParticipation.MaxRequestBodySize = 1048576
[         orderer] 	Admin.ListenAddress = "127.0.0.1:9443"
[         orderer] 	Admin.TLS.Enabled = false
[         orderer] 	Admin.TLS.PrivateKey = ""
[         orderer] 	Admin.TLS.Certificate = ""
[         orderer] 	Admin.TLS.RootCAs = []
[         orderer] 	Admin.TLS.ClientAuthRequired = true
[         orderer] 	Admin.TLS.ClientRootCAs = []
[         orderer] 	Admin.TLS.TLSHandshakeTimeShift = 0s
[        org2peer] 2022-11-21 14:18:56.976 UTC 0004 INFO [nodeCmd] initGrpcSemaphores -> concurrency limit for endorser service is 2500
[        org2peer] 2022-11-21 14:18:56.976 UTC 0005 INFO [nodeCmd] initGrpcSemaphores -> concurrency limit for deliver service is 2500
[        org2peer] 2022-11-21 14:18:56.976 UTC 0006 INFO [nodeCmd] initGrpcSemaphores -> concurrency limit for gateway service is 500
[        org2peer] 2022-11-21 14:18:56.976 UTC 0007 INFO [nodeCmd] serve -> Starting peer with TLS enabled
[         orderer] 2022-11-21 14:18:56.977 UTC 0003 INFO [orderer.common.server] initializeServerConfig -> Starting orderer with TLS enabled
[          org2ca] 2022/11/21 14:18:56 [INFO] Created default configuration file at /home/microfab/data/ca-org2/fabric-ca-server-config.yaml
[          org1ca] 2022/11/21 14:18:56 [INFO] Created default configuration file at /home/microfab/data/ca-org1/fabric-ca-server-config.yaml
[        org1peer] 2022-11-21 14:18:56.989 UTC 0001 INFO [nodeCmd] serve -> Starting peer:
[        org1peer]  Version: 2.4.6
[        org1peer]  Commit SHA: 8359607
[        org1peer]  Go version: go1.18.8
[        org1peer]  OS/Arch: linux/amd64
[        org1peer]  Chaincode:
[        org1peer]   Base Docker Label: org.hyperledger.fabric
[        org1peer]   Docker Namespace: hyperledger
[        org1peer] 2022-11-21 14:18:56.989 UTC 0002 INFO [peer] getLocalAddress -> Auto-detected peer address: 172.19.0.2:2002
[        org1peer] 2022-11-21 14:18:56.989 UTC 0003 INFO [peer] getLocalAddress -> Host is 0.0.0.0 , falling back to auto-detected address: 172.19.0.2:2002
[        org1peer] 2022-11-21 14:18:56.991 UTC 0004 INFO [nodeCmd] initGrpcSemaphores -> concurrency limit for endorser service is 2500
[        org1peer] 2022-11-21 14:18:56.992 UTC 0005 INFO [nodeCmd] initGrpcSemaphores -> concurrency limit for deliver service is 2500
[        org1peer] 2022-11-21 14:18:56.992 UTC 0006 INFO [nodeCmd] initGrpcSemaphores -> concurrency limit for gateway service is 500
[        org1peer] 2022-11-21 14:18:56.992 UTC 0007 INFO [nodeCmd] serve -> Starting peer with TLS enabled
[          org2ca] 2022/11/21 14:18:57 [INFO] Starting server in home directory: /home/microfab/data/ca-org2
[          org2ca] 2022/11/21 14:18:57 [INFO] Server Version: 1.5.5
[          org2ca] 2022/11/21 14:18:57 [INFO] Server Levels: &{Identity:2 Affiliation:1 Certificate:1 Credential:1 RAInfo:1 Nonce:1}
[          org1ca] 2022/11/21 14:18:57 [INFO] Starting server in home directory: /home/microfab/data/ca-org1
[          org1ca] 2022/11/21 14:18:57 [INFO] Server Version: 1.5.5
[          org1ca] 2022/11/21 14:18:57 [INFO] Server Levels: &{Identity:2 Affiliation:1 Certificate:1 Credential:1 RAInfo:1 Nonce:1}
[          org2ca] 2022/11/21 14:18:57 [INFO] The CA key and certificate files already exist
[          org2ca] 2022/11/21 14:18:57 [INFO] Key file location: /home/microfab/data/ca-org2/ca-key.pem
[          org2ca] 2022/11/21 14:18:57 [INFO] Certificate file location: /home/microfab/data/ca-org2/ca-cert.pem
[          org1ca] 2022/11/21 14:18:57 [INFO] The CA key and certificate files already exist
[          org1ca] 2022/11/21 14:18:57 [INFO] Key file location: /home/microfab/data/ca-org1/ca-key.pem
[          org1ca] 2022/11/21 14:18:57 [INFO] Certificate file location: /home/microfab/data/ca-org1/ca-cert.pem
[         orderer] 2022-11-21 14:18:57.046 UTC 0004 INFO [blkstorage] NewProvider -> Creating new file ledger directory at /home/microfab/data/orderer/data/chains
[         orderer] 2022-11-21 14:18:57.063 UTC 0005 INFO [orderer.common.server] Main -> Bootstrapping the system channel
[         orderer] 2022-11-21 14:18:57.067 UTC 0006 INFO [blkstorage] newBlockfileMgr -> Getting block information from block storage
[        org2peer] 2022-11-21 14:18:57.083 UTC 0008 INFO [certmonitor] trackCertExpiration -> The enrollment certificate will expire on 2032-11-18 14:13:56 +0000 UTC
[        org2peer] 2022-11-21 14:18:57.083 UTC 0009 INFO [certmonitor] trackCertExpiration -> The server TLS certificate will expire on 2032-11-18 14:13:56 +0000 UTC
[        org2peer] 2022-11-21 14:18:57.084 UTC 000a INFO [ledgermgmt] NewLedgerMgr -> Initializing LedgerMgr
[        org1peer] 2022-11-21 14:18:57.085 UTC 0008 INFO [certmonitor] trackCertExpiration -> The enrollment certificate will expire on 2032-11-18 14:13:56 +0000 UTC
[        org1peer] 2022-11-21 14:18:57.085 UTC 0009 INFO [certmonitor] trackCertExpiration -> The server TLS certificate will expire on 2032-11-18 14:13:56 +0000 UTC
[        org1peer] 2022-11-21 14:18:57.086 UTC 000a INFO [ledgermgmt] NewLedgerMgr -> Initializing LedgerMgr
[         orderer] 2022-11-21 14:18:57.093 UTC 0007 INFO [orderer.common.server] initializeBootstrapChannel -> Initialized the system channel 'testchainid' from bootstrap block
[         orderer] 2022-11-21 14:18:57.095 UTC 0008 INFO [orderer.common.server] extractSystemChannel -> Found system channel config block, number: 0
[         orderer] 2022-11-21 14:18:57.095 UTC 0009 INFO [orderer.common.server] selectClusterBootBlock -> Cluster boot block is bootstrap (genesis) block; Blocks Header.Number system-channel=0, bootstrap=0
[         orderer] 2022-11-21 14:18:57.097 UTC 000a INFO [orderer.common.server] Main -> Starting with system channel: testchainid, consensus type: solo
[         orderer] 2022-11-21 14:18:57.098 UTC 000b INFO [certmonitor] trackCertExpiration -> The enrollment certificate will expire on 2032-11-18 14:13:56 +0000 UTC
[         orderer] 2022-11-21 14:18:57.098 UTC 000c INFO [certmonitor] trackCertExpiration -> The server TLS certificate will expire on 2032-11-18 14:13:56 +0000 UTC
[         orderer] 2022-11-21 14:18:57.103 UTC 000d WARN [orderer.consensus.solo] HandleChain -> Use of the Solo orderer is deprecated and remains only for use in test environments but may be removed in the future.
[         orderer] 2022-11-21 14:18:57.103 UTC 000e INFO [orderer.commmon.multichannel] initSystemChannel -> Starting system channel 'testchainid' with genesis block hash f364adbae4ccb0fed07f029526cf820bdcb477d2a269ea406b10d264201e1410 and orderer type solo
[         orderer] 2022-11-21 14:18:57.104 UTC 000f INFO [orderer.common.server] Main -> Starting orderer:
[         orderer]  Version: 2.4.6
[         orderer]  Commit SHA: 8359607
[         orderer]  Go version: go1.18.8
[         orderer]  OS/Arch: linux/amd64
[         orderer] 2022-11-21 14:18:57.104 UTC 0010 INFO [orderer.common.server] Main -> Beginning to serve requests
[        org2peer] 2022-11-21 14:18:57.154 UTC 000b INFO [leveldbhelper] openDBAndCheckFormat -> DB is empty Setting db format as 2.0
[        org1peer] 2022-11-21 14:18:57.154 UTC 000b INFO [leveldbhelper] openDBAndCheckFormat -> DB is empty Setting db format as 2.0
[        org2peer] 2022-11-21 14:18:57.161 UTC 000c INFO [blkstorage] NewProvider -> Creating new file ledger directory at /home/microfab/data/peer-org2/data/ledgersData/chains/chains
[        org1peer] 2022-11-21 14:18:57.161 UTC 000c INFO [blkstorage] NewProvider -> Creating new file ledger directory at /home/microfab/data/peer-org1/data/ledgersData/chains/chains
Peer TLS ENabled
[       microfabd] 2022/11/21 14:18:57 Created and started orderer for ordering organization Orderer
Peer TLS ENabled
[          org2ca] 2022/11/21 14:18:57 [INFO] Initialized sqlite3 database at /home/microfab/data/ca-org2/fabric-ca-server.db
[        org2peer] 2022-11-21 14:18:57.224 UTC 000d INFO [leveldbhelper] openDBAndCheckFormat -> DB is empty Setting db format as 2.0
[        org1peer] 2022-11-21 14:18:57.224 UTC 000d INFO [leveldbhelper] openDBAndCheckFormat -> DB is empty Setting db format as 2.0
[          org1ca] 2022/11/21 14:18:57 [INFO] Initialized sqlite3 database at /home/microfab/data/ca-org1/fabric-ca-server.db
[          org2ca] 2022/11/21 14:18:57 [INFO] The issuer key was successfully stored. The public key is at: /home/microfab/data/ca-org2/IssuerPublicKey, secret key is at: /home/microfab/data/ca-org2/msp/keystore/IssuerSecretKey
[          org2ca] 2022/11/21 14:18:57 [INFO] Idemix issuer revocation public and secret keys were generated for CA 'org2ca'
[          org2ca] 2022/11/21 14:18:57 [INFO] The revocation key was successfully stored. The public key is at: /home/microfab/data/ca-org2/IssuerRevocationPublicKey, private key is at: /home/microfab/data/ca-org2/msp/keystore/IssuerRevocationPrivateKey
[          org1ca] 2022/11/21 14:18:57 [INFO] The issuer key was successfully stored. The public key is at: /home/microfab/data/ca-org1/IssuerPublicKey, secret key is at: /home/microfab/data/ca-org1/msp/keystore/IssuerSecretKey
[          org1ca] 2022/11/21 14:18:57 [INFO] Idemix issuer revocation public and secret keys were generated for CA 'org1ca'
[          org1ca] 2022/11/21 14:18:57 [INFO] The revocation key was successfully stored. The public key is at: /home/microfab/data/ca-org1/IssuerRevocationPublicKey, private key is at: /home/microfab/data/ca-org1/msp/keystore/IssuerRevocationPrivateKey
[          org2ca] 2022/11/21 14:18:57 [INFO] Home directory for default CA: /home/microfab/data/ca-org2
[          org2ca] 2022/11/21 14:18:57 [INFO] Operation Server Listening on [::]:2001
[          org2ca] 2022/11/21 14:18:57 [INFO] Listening on https://0.0.0.0:2000
[          org1ca] 2022/11/21 14:18:57 [INFO] Home directory for default CA: /home/microfab/data/ca-org1
[          org1ca] 2022/11/21 14:18:57 [INFO] Operation Server Listening on [::]:2008
[          org1ca] 2022/11/21 14:18:57 [INFO] Listening on https://0.0.0.0:2007
[        org1peer] 2022-11-21 14:18:57.312 UTC 000e INFO [leveldbhelper] openDBAndCheckFormat -> DB is empty Setting db format as 2.0
[        org1peer] 2022-11-21 14:18:57.322 UTC 000f INFO [ledgermgmt] NewLedgerMgr -> Initialized LedgerMgr
[        org1peer] 2022-11-21 14:18:57.323 UTC 0010 INFO [gossip.service] New -> Initialize gossip with endpoint org1peer-gossip.localho.st:4000
[        org1peer] 2022-11-21 14:18:57.324 UTC 0011 INFO [gossip.gossip] New -> Creating gossip service with self membership of Endpoint: org1peer-gossip.localho.st:4000, InternalEndpoint: org1peer-gossip.localho.st:4000, PKI-ID: cf3ad886290d2454425c9dcf362205976664c3be3855e68d4bb5f24182b2b66e, Metadata: 
[        org1peer] 2022-11-21 14:18:57.325 UTC 0012 INFO [lifecycle] InitializeLocalChaincodes -> Initialized lifecycle cache with 0 already installed chaincodes
[        org1peer] 2022-11-21 14:18:57.325 UTC 0013 INFO [gossip.gossip] start -> Gossip instance org1peer-gossip.localho.st:4000 started
[        org1peer] 2022-11-21 14:18:57.325 UTC 0014 INFO [nodeCmd] computeChaincodeEndpoint -> Entering computeChaincodeEndpoint with peerHostname: 172.19.0.2
[        org1peer] 2022-11-21 14:18:57.325 UTC 0015 INFO [nodeCmd] computeChaincodeEndpoint -> Exit with ccEndpoint: 172.19.0.2:2003
[        org1peer] 2022-11-21 14:18:57.327 UTC 0016 INFO [sccapi] DeploySysCC -> deploying system chaincode 'lscc'
[        org2peer] 2022-11-21 14:18:57.327 UTC 000e INFO [leveldbhelper] openDBAndCheckFormat -> DB is empty Setting db format as 2.0
[        org1peer] 2022-11-21 14:18:57.327 UTC 0017 INFO [sccapi] DeploySysCC -> deploying system chaincode 'cscc'
[        org1peer] 2022-11-21 14:18:57.327 UTC 0018 INFO [sccapi] DeploySysCC -> deploying system chaincode 'qscc'
[        org1peer] 2022-11-21 14:18:57.328 UTC 0019 INFO [sccapi] DeploySysCC -> deploying system chaincode '_lifecycle'
[        org1peer] 2022-11-21 14:18:57.328 UTC 001a INFO [nodeCmd] serve -> Deployed system chaincodes
[        org1peer] 2022-11-21 14:18:57.328 UTC 001b INFO [discovery] NewService -> Created with config TLS: true, authCacheMaxSize: 1000, authCachePurgeRatio: 0.750000
[        org1peer] 2022-11-21 14:18:57.328 UTC 001c INFO [nodeCmd] serve -> Discovery service activated
[        org1peer] 2022-11-21 14:18:57.328 UTC 001d INFO [nodeCmd] serve -> Starting peer with Gateway enabled
[        org1peer] 2022-11-21 14:18:57.328 UTC 001e INFO [nodeCmd] serve -> Starting peer with ID=[org1peer], network ID=[dev], address=[172.19.0.2:2002]
[        org1peer] 2022-11-21 14:18:57.329 UTC 001f INFO [nodeCmd] serve -> Started peer with ID=[org1peer], network ID=[dev], address=[172.19.0.2:2002]
[        org1peer] 2022-11-21 14:18:57.329 UTC 0020 INFO [kvledger] LoadPreResetHeight -> Loading prereset height from path [/home/microfab/data/peer-org1/data/ledgersData/chains]
[        org1peer] 2022-11-21 14:18:57.329 UTC 0021 INFO [blkstorage] preResetHtFiles -> No active channels passed
[        org2peer] 2022-11-21 14:18:57.335 UTC 000f INFO [ledgermgmt] NewLedgerMgr -> Initialized LedgerMgr
[        org2peer] 2022-11-21 14:18:57.336 UTC 0010 INFO [gossip.service] New -> Initialize gossip with endpoint org2peer-gossip.localho.st:4001
[        org2peer] 2022-11-21 14:18:57.337 UTC 0011 INFO [gossip.gossip] New -> Creating gossip service with self membership of Endpoint: org2peer-gossip.localho.st:4001, InternalEndpoint: org2peer-gossip.localho.st:4001, PKI-ID: 1908cd63436b8dda0ab22ec0d10b431af7a4f7cb53f3cfd0ca7f76885c693353, Metadata: 
[        org2peer] 2022-11-21 14:18:57.338 UTC 0012 INFO [gossip.gossip] start -> Gossip instance org2peer-gossip.localho.st:4001 started
[        org2peer] 2022-11-21 14:18:57.338 UTC 0013 INFO [lifecycle] InitializeLocalChaincodes -> Initialized lifecycle cache with 0 already installed chaincodes
[        org2peer] 2022-11-21 14:18:57.338 UTC 0014 INFO [nodeCmd] computeChaincodeEndpoint -> Entering computeChaincodeEndpoint with peerHostname: 172.19.0.2
[        org2peer] 2022-11-21 14:18:57.338 UTC 0015 INFO [nodeCmd] computeChaincodeEndpoint -> Exit with ccEndpoint: 172.19.0.2:2010
[        org2peer] 2022-11-21 14:18:57.340 UTC 0016 INFO [sccapi] DeploySysCC -> deploying system chaincode 'lscc'
[        org2peer] 2022-11-21 14:18:57.340 UTC 0017 INFO [sccapi] DeploySysCC -> deploying system chaincode 'cscc'
[        org2peer] 2022-11-21 14:18:57.341 UTC 0018 INFO [sccapi] DeploySysCC -> deploying system chaincode 'qscc'
[        org2peer] 2022-11-21 14:18:57.341 UTC 0019 INFO [sccapi] DeploySysCC -> deploying system chaincode '_lifecycle'
[        org2peer] 2022-11-21 14:18:57.341 UTC 001a INFO [nodeCmd] serve -> Deployed system chaincodes
[        org2peer] 2022-11-21 14:18:57.341 UTC 001b INFO [discovery] NewService -> Created with config TLS: true, authCacheMaxSize: 1000, authCachePurgeRatio: 0.750000
[        org2peer] 2022-11-21 14:18:57.341 UTC 001c INFO [nodeCmd] serve -> Discovery service activated
[        org2peer] 2022-11-21 14:18:57.341 UTC 001d INFO [nodeCmd] serve -> Starting peer with Gateway enabled
[        org2peer] 2022-11-21 14:18:57.342 UTC 001e INFO [nodeCmd] serve -> Starting peer with ID=[org2peer], network ID=[dev], address=[172.19.0.2:2009]
[        org2peer] 2022-11-21 14:18:57.342 UTC 001f INFO [nodeCmd] serve -> Started peer with ID=[org2peer], network ID=[dev], address=[172.19.0.2:2009]
[        org2peer] 2022-11-21 14:18:57.342 UTC 0020 INFO [kvledger] LoadPreResetHeight -> Loading prereset height from path [/home/microfab/data/peer-org2/data/ledgersData/chains]
[        org2peer] 2022-11-21 14:18:57.342 UTC 0021 INFO [blkstorage] preResetHtFiles -> No active channels passed
Peer TLS ENabled
Peer TLS ENabled
[        org1peer] 2022-11-21 14:18:57.427 UTC 0022 INFO [endorser] callChaincode -> finished chaincode: cscc duration: 0ms channel= txID=6c42ca34
[        org1peer] 2022-11-21 14:18:57.428 UTC 0023 INFO [comm.grpc.server] 1 -> unary call completed grpc.service=protos.Endorser grpc.method=ProcessProposal grpc.request_deadline=2022-11-21T14:19:27.423Z grpc.peer_address=127.0.0.1:58634 grpc.code=OK grpc.call_duration=2.3749ms
[       microfabd] 2022/11/21 14:18:57 Created and started peer for endorsing organization org1
[        org2peer] 2022-11-21 14:18:57.430 UTC 0022 INFO [endorser] callChaincode -> finished chaincode: cscc duration: 0ms channel= txID=75faca60
[        org2peer] 2022-11-21 14:18:57.430 UTC 0023 INFO [comm.grpc.server] 1 -> unary call completed grpc.service=protos.Endorser grpc.method=ProcessProposal grpc.request_deadline=2022-11-21T14:19:27.425Z grpc.peer_address=127.0.0.1:58852 grpc.code=OK grpc.call_duration=1.7505ms
[       microfabd] 2022/11/21 14:18:57 Created and started peer for endorsing organization org2
[          org2ca] 2022/11/21 14:18:57 [INFO] signed certificate with serial number 335547742684931221660231024972267039781348556482
[          org1ca] 2022/11/21 14:18:57 [INFO] signed certificate with serial number 156168733384403120698273934498069353446038601478
[          org2ca] 2022/11/21 14:18:57 [INFO] 127.0.0.1:53438 POST /enroll 201 0 "OK"
[       microfabd] 2022/11/21 14:18:57 Created and started CA for endorsing organization org2
[          org1ca] 2022/11/21 14:18:57 [INFO] 127.0.0.1:52666 POST /enroll 201 0 "OK"
[       microfabd] 2022/11/21 14:18:57 Created and started CA for endorsing organization org1
[       microfabd] 2022/11/21 14:18:57 Creating and starting console ...
[         console] 2022/11/21 14:18:57 Created new console...
[         console] 2022/11/21 14:18:57 RegisterOrganization &{Orderer 0xc0005a6fc0 0xc0005e0210 <nil> OrdererMSP}
[         console] 2022/11/21 14:18:57 RegisterOrganization &{org1 0xc0000c4990 0xc0000c5bc0 0xc0006895f0 org1MSP}
[         console] 2022/11/21 14:18:57 RegisterOrganization &{org2 0xc00002ce10 0xc00018e060 0xc000689050 org2MSP}
[       microfabd] 2022/11/21 14:18:57 Created and started console
[       microfabd] 2022/11/21 14:18:57 Creating and starting proxy ...
[       microfabd] 2022/11/21 14:18:57 Registering peer org1peer-api.localho.st:8080
[       microfabd] 2022/11/21 14:18:57 Registering peer org2peer-api.localho.st:8080
[       microfabd] 2022/11/21 14:18:57 Created and started proxy
[         console] 2022/11/21 14:18:57 orderer-api.localho.st:8080 ==> &{orderer-api.localho.st:8080 localhost:2005 true true} 
[         console] 2022/11/21 14:18:57 org2ca-api.localho.st:8080 ==> &{org2ca-api.localho.st:8080 localhost:2000 false true} 
[         console] 2022/11/21 14:18:57 org1peer-api.localho.st:8080 ==> &{org1peer-api.localho.st:8080 localhost:2002 true true} 
[         console] 2022/11/21 14:18:57 org2peer-api.localho.st:8080 ==> &{org2peer-api.localho.st:8080 localhost:2009 true true} 
[         console] 2022/11/21 14:18:57 org2peer-operations.localho.st:8080 ==> &{org2peer-operations.localho.st:8080 localhost:2011 false true} 
[         console] 2022/11/21 14:18:57 console.localho.st:8080 ==> &{console.localho.st:8080 localhost:2012 false true} 
[         console] 2022/11/21 14:18:57 orderer-operations.localho.st:8080 ==> &{orderer-operations.localho.st:8080 localhost:2006 false true} 
[         console] 2022/11/21 14:18:57 org2ca-operations.localho.st:8080 ==> &{org2ca-operations.localho.st:8080 localhost:2001 false true} 
[         console] 2022/11/21 14:18:57 org1ca-api.localho.st:8080 ==> &{org1ca-api.localho.st:8080 localhost:2007 false true} 
[         console] 2022/11/21 14:18:57 org1ca-operations.localho.st:8080 ==> &{org1ca-operations.localho.st:8080 localhost:2008 false true} 
[         console] 2022/11/21 14:18:57 org1peer-chaincode.localho.st:8080 ==> &{org1peer-chaincode.localho.st:8080 localhost:2003 true true} 
[         console] 2022/11/21 14:18:57 org1peer-operations.localho.st:8080 ==> &{org1peer-operations.localho.st:8080 localhost:2004 false true} 
[         console] 2022/11/21 14:18:57 org2peer-chaincode.localho.st:8080 ==> &{org2peer-chaincode.localho.st:8080 localhost:2010 true true} 
Peer TLS ENabled
Peer TLS ENabled
[       microfabd] 2022/11/21 14:18:57 Creating and joining channel appchannel ...
[       microfabd] 2022/11/21 14:18:57 Creating channel appchannel ...
[       microfabd] 2022/11/21 14:18:57 Creating and joining channel mychannel ...
[       microfabd] 2022/11/21 14:18:57 Creating channel mychannel ...
[         orderer] 2022-11-21 14:18:57.558 UTC 0011 INFO [comm.grpc.server] 1 -> streaming call completed grpc.service=orderer.AtomicBroadcast grpc.method=Broadcast grpc.request_deadline=2022-11-21T14:19:27.545Z grpc.peer_address=127.0.0.1:42936 grpc.code=OK grpc.call_duration=9.6802ms
[         orderer] 2022-11-21 14:18:57.563 UTC 0012 INFO [blkstorage] newBlockfileMgr -> Getting block information from block storage
[         orderer] 2022-11-21 14:18:57.575 UTC 0013 WARN [orderer.consensus.solo] HandleChain -> Use of the Solo orderer is deprecated and remains only for use in test environments but may be removed in the future.
[         orderer] 2022-11-21 14:18:57.576 UTC 0014 INFO [orderer.commmon.multichannel] newChain -> Created and started new channel mychannel
[         orderer] 2022-11-21 14:18:57.577 UTC 0015 INFO [comm.grpc.server] 1 -> streaming call completed grpc.service=orderer.AtomicBroadcast grpc.method=Deliver grpc.request_deadline=2022-11-21T14:19:27.559Z grpc.peer_address=127.0.0.1:42936 grpc.code=OK grpc.call_duration=18.0486ms
[         orderer] 2022-11-21 14:18:57.579 UTC 0016 INFO [comm.grpc.server] 1 -> streaming call completed grpc.service=orderer.AtomicBroadcast grpc.method=Deliver grpc.request_deadline=2022-11-21T14:19:27.578Z grpc.peer_address=127.0.0.1:42936 grpc.code=OK grpc.call_duration=659.8µs
[         orderer] 2022-11-21 14:18:57.581 UTC 0017 INFO [comm.grpc.server] 1 -> streaming call completed grpc.service=orderer.AtomicBroadcast grpc.method=Deliver grpc.request_deadline=2022-11-21T14:19:27.58Z grpc.peer_address=127.0.0.1:42936 grpc.code=OK grpc.call_duration=575.7µs
[         orderer] 2022-11-21 14:18:57.582 UTC 0018 INFO [comm.grpc.server] 1 -> streaming call completed grpc.service=orderer.AtomicBroadcast grpc.method=Broadcast grpc.request_deadline=2022-11-21T14:19:27.545Z grpc.peer_address=127.0.0.1:42932 grpc.code=OK grpc.call_duration=34.9051ms
[         orderer] 2022-11-21 14:18:57.587 UTC 0019 INFO [blkstorage] newBlockfileMgr -> Getting block information from block storage
[         orderer] 2022-11-21 14:18:57.598 UTC 001a WARN [orderer.consensus.solo] HandleChain -> Use of the Solo orderer is deprecated and remains only for use in test environments but may be removed in the future.
[         orderer] 2022-11-21 14:18:57.598 UTC 001b INFO [orderer.commmon.multichannel] newChain -> Created and started new channel appchannel
[         orderer] 2022-11-21 14:18:57.600 UTC 001c INFO [comm.grpc.server] 1 -> streaming call completed grpc.service=orderer.AtomicBroadcast grpc.method=Deliver grpc.request_deadline=2022-11-21T14:19:27.582Z grpc.peer_address=127.0.0.1:42932 grpc.code=OK grpc.call_duration=17.265ms
[         orderer] 2022-11-21 14:18:57.602 UTC 001d INFO [comm.grpc.server] 1 -> streaming call completed grpc.service=orderer.AtomicBroadcast grpc.method=Deliver grpc.request_deadline=2022-11-21T14:19:27.601Z grpc.peer_address=127.0.0.1:42932 grpc.code=OK grpc.call_duration=1.0608ms
[         orderer] 2022-11-21 14:18:57.604 UTC 001e INFO [comm.grpc.server] 1 -> streaming call completed grpc.service=orderer.AtomicBroadcast grpc.method=Deliver grpc.request_deadline=2022-11-21T14:19:27.603Z grpc.peer_address=127.0.0.1:42932 grpc.code=OK grpc.call_duration=721.2µs
[         orderer] 2022-11-21 14:18:57.606 UTC 001f INFO [comm.grpc.server] 1 -> streaming call completed grpc.service=orderer.AtomicBroadcast grpc.method=Broadcast grpc.request_deadline=2022-11-21T14:19:27.582Z grpc.peer_address=127.0.0.1:42936 grpc.code=OK grpc.call_duration=23.9495ms
[       microfabd] 2022/11/21 14:18:57 Created channel mychannel
[       microfabd] 2022/11/21 14:18:57 Joining channel mychannel on peer for endorsing organization org1 ...
[        org1peer] 2022-11-21 14:18:57.610 UTC 0024 INFO [ledgermgmt] CreateLedger -> Creating ledger [mychannel] with genesis block
[         orderer] 2022-11-21 14:18:57.613 UTC 0020 INFO [comm.grpc.server] 1 -> streaming call completed grpc.service=orderer.AtomicBroadcast grpc.method=Broadcast grpc.request_deadline=2022-11-21T14:19:27.606Z grpc.peer_address=127.0.0.1:42932 grpc.code=OK grpc.call_duration=7.2209ms
[       microfabd] 2022/11/21 14:18:57 Created channel appchannel
[       microfabd] 2022/11/21 14:18:57 Joining channel appchannel on peer for endorsing organization org2 ...
[       microfabd] 2022/11/21 14:18:57 Joining channel appchannel on peer for endorsing organization org1 ...
[        org2peer] 2022-11-21 14:18:57.619 UTC 0024 INFO [ledgermgmt] CreateLedger -> Creating ledger [appchannel] with genesis block
[        org1peer] 2022-11-21 14:18:57.619 UTC 0025 INFO [blkstorage] newBlockfileMgr -> Getting block information from block storage
[        org2peer] 2022-11-21 14:18:57.628 UTC 0025 INFO [blkstorage] newBlockfileMgr -> Getting block information from block storage
[        org1peer] 2022-11-21 14:18:57.659 UTC 0026 INFO [kvledger] commit -> [mychannel] Committed block [0] with 1 transaction(s) in 24ms (state_validation=0ms block_and_pvtdata_commit=14ms state_commit=4ms) commitHash=[]
[        org1peer] 2022-11-21 14:18:57.660 UTC 0027 INFO [kvledger] updateLedgerStatus -> Updating ledger [mychannel] status to [ACTIVE]
[        org1peer] 2022-11-21 14:18:57.664 UTC 0028 INFO [ledgermgmt] CreateLedger -> Created ledger [mychannel] with genesis block
[        org1peer] 2022-11-21 14:18:57.664 UTC 0029 INFO [ledgermgmt] CreateLedger -> Creating ledger [appchannel] with genesis block
[        org1peer] 2022-11-21 14:18:57.666 UTC 002a INFO [gossip.gossip] JoinChan -> Joining gossip network of channel mychannel with 1 organizations
[        org1peer] 2022-11-21 14:18:57.666 UTC 002b INFO [gossip.gossip] learnAnchorPeers -> No configured anchor peers of org1MSP for channel mychannel to learn about
[        org1peer] 2022-11-21 14:18:57.666 UTC 002c INFO [gateway] configUpdate -> Updating orderer config channel=mychannel
[        org2peer] 2022-11-21 14:18:57.666 UTC 0026 INFO [kvledger] commit -> [appchannel] Committed block [0] with 1 transaction(s) in 22ms (state_validation=0ms block_and_pvtdata_commit=11ms state_commit=5ms) commitHash=[]
[        org2peer] 2022-11-21 14:18:57.666 UTC 0027 INFO [kvledger] updateLedgerStatus -> Updating ledger [appchannel] status to [ACTIVE]
[        org1peer] 2022-11-21 14:18:57.667 UTC 002d INFO [gossip.state] NewGossipStateProvider -> Updating metadata information for channel mychannel, current ledger sequence is at = 0, next expected block is = 1
[        org1peer] 2022-11-21 14:18:57.667 UTC 002e INFO [deliveryClient] StartDeliverForChannel -> This peer will retrieve blocks from ordering service and disseminate to other peers in the organization for channel mychannel
[        org1peer] 2022-11-21 14:18:57.667 UTC 002f INFO [endorser] callChaincode -> finished chaincode: cscc duration: 59ms channel= txID=d7334b6b
[        org1peer] 2022-11-21 14:18:57.667 UTC 0030 INFO [comm.grpc.server] 1 -> unary call completed grpc.service=protos.Endorser grpc.method=ProcessProposal grpc.request_deadline=2022-11-21T14:19:27.607Z grpc.peer_address=127.0.0.1:58644 grpc.code=OK grpc.call_duration=59.8422ms
[       microfabd] 2022/11/21 14:18:57 Joined channel mychannel on peer for endorsing organization org1
[       microfabd] 2022/11/21 14:18:57 Created and joined channel mychannel
[        org2peer] 2022-11-21 14:18:57.671 UTC 0028 INFO [ledgermgmt] CreateLedger -> Created ledger [appchannel] with genesis block
[        org1peer] 2022-11-21 14:18:57.673 UTC 0031 INFO [blkstorage] newBlockfileMgr -> Getting block information from block storage
[        org2peer] 2022-11-21 14:18:57.673 UTC 0029 INFO [gossip.gossip] JoinChan -> Joining gossip network of channel appchannel with 2 organizations
[        org2peer] 2022-11-21 14:18:57.673 UTC 002a INFO [gossip.gossip] learnAnchorPeers -> No configured anchor peers of org1MSP for channel appchannel to learn about
[        org2peer] 2022-11-21 14:18:57.673 UTC 002b INFO [gossip.gossip] learnAnchorPeers -> No configured anchor peers of org2MSP for channel appchannel to learn about
[        org2peer] 2022-11-21 14:18:57.674 UTC 002c INFO [gateway] configUpdate -> Updating orderer config channel=appchannel
[        org2peer] 2022-11-21 14:18:57.674 UTC 002d INFO [gossip.state] NewGossipStateProvider -> Updating metadata information for channel appchannel, current ledger sequence is at = 0, next expected block is = 1
[        org2peer] 2022-11-21 14:18:57.674 UTC 002e INFO [deliveryClient] StartDeliverForChannel -> This peer will retrieve blocks from ordering service and disseminate to other peers in the organization for channel appchannel
[        org2peer] 2022-11-21 14:18:57.674 UTC 002f INFO [endorser] callChaincode -> finished chaincode: cscc duration: 58ms channel= txID=c4efe461
[        org2peer] 2022-11-21 14:18:57.674 UTC 0030 INFO [comm.grpc.server] 1 -> unary call completed grpc.service=protos.Endorser grpc.method=ProcessProposal grpc.request_deadline=2022-11-21T14:19:27.615Z grpc.peer_address=127.0.0.1:58854 grpc.code=OK grpc.call_duration=59.1534ms
[       microfabd] 2022/11/21 14:18:57 Joined channel appchannel on peer for endorsing organization org2
[         console] 2022/11/21 14:18:57 RemoteAddr=127.0.0.1:53062 RequestURI=/orderer.AtomicBroadcast/Deliver  Host=orderer-api.localho.st:8080
[         console] 2022/11/21 14:18:57 Using route mapping for 'orderer-api.localho.st:8080' ['orderer-api.localho.st:8080','localhost:2005','true','true']
[        org1peer] 2022-11-21 14:18:57.685 UTC 0032 INFO [gossip.privdata] StoreBlock -> Received block [1] from buffer channel=mychannel
[         console] 2022/11/21 14:18:57 RemoteAddr=127.0.0.1:53066 RequestURI=/orderer.AtomicBroadcast/Deliver  Host=orderer-api.localho.st:8080
[         console] 2022/11/21 14:18:57 Using route mapping for 'orderer-api.localho.st:8080' ['orderer-api.localho.st:8080','localhost:2005','true','true']
[        org1peer] 2022-11-21 14:18:57.688 UTC 0033 INFO [gossip.gossip] JoinChan -> Joining gossip network of channel mychannel with 1 organizations
[        org1peer] 2022-11-21 14:18:57.688 UTC 0034 INFO [gossip.gossip] learnAnchorPeers -> Learning about the configured anchor peers of org1MSP for channel mychannel: [{org1peer-api.localho.st 8080}]
[        org1peer] 2022-11-21 14:18:57.689 UTC 0035 INFO [gateway] configUpdate -> Updating orderer config channel=mychannel
[        org1peer] 2022-11-21 14:18:57.689 UTC 0036 INFO [committer.txvalidator] Validate -> [mychannel] Validated block [1] in 3ms
[        org2peer] 2022-11-21 14:18:57.693 UTC 0031 INFO [gossip.privdata] StoreBlock -> Received block [1] from buffer channel=appchannel
[        org2peer] 2022-11-21 14:18:57.696 UTC 0032 INFO [gossip.gossip] JoinChan -> Joining gossip network of channel appchannel with 2 organizations
[        org2peer] 2022-11-21 14:18:57.696 UTC 0033 INFO [gossip.gossip] learnAnchorPeers -> Learning about the configured anchor peers of org2MSP for channel appchannel: [{org2peer-api.localho.st 8080}]
[        org2peer] 2022-11-21 14:18:57.696 UTC 0034 INFO [gossip.gossip] learnAnchorPeers -> Learning about the configured anchor peers of org1MSP for channel appchannel: [{org1peer-api.localho.st 8080}]
[        org2peer] 2022-11-21 14:18:57.697 UTC 0035 INFO [gateway] configUpdate -> Updating orderer config channel=appchannel
[        org2peer] 2022-11-21 14:18:57.697 UTC 0036 INFO [committer.txvalidator] Validate -> [appchannel] Validated block [1] in 3ms
[        org1peer] 2022-11-21 14:18:57.707 UTC 0037 INFO [kvledger] commit -> [appchannel] Committed block [0] with 1 transaction(s) in 23ms (state_validation=0ms block_and_pvtdata_commit=11ms state_commit=5ms) commitHash=[]
[        org1peer] 2022-11-21 14:18:57.708 UTC 0038 INFO [kvledger] updateLedgerStatus -> Updating ledger [appchannel] status to [ACTIVE]
[         console] 2022/11/21 14:18:57 RemoteAddr=127.0.0.1:53068 RequestURI=/gossip.Gossip/Ping  Host=org2peer-api.localho.st:8080
[         console] 2022/11/21 14:18:57 Using route mapping for 'org2peer-api.localho.st:8080' ['org2peer-api.localho.st:8080','localhost:2009','true','true']
[         console] 2022/11/21 14:18:57 RemoteAddr=127.0.0.1:53070 RequestURI=/gossip.Gossip/Ping  Host=org1peer-api.localho.st:8080
[         console] 2022/11/21 14:18:57 Using route mapping for 'org1peer-api.localho.st:8080' ['org1peer-api.localho.st:8080','localhost:2002','true','true']
[        org2peer] 2022-11-21 14:18:57.712 UTC 0037 INFO [comm.grpc.server] 1 -> unary call completed grpc.service=gossip.Gossip grpc.method=Ping grpc.request_deadline=2022-11-21T14:18:59.712Z grpc.peer_address=127.0.0.1:58872 grpc.code=OK grpc.call_duration=60.3µs
[        org1peer] 2022-11-21 14:18:57.713 UTC 0039 INFO [comm.grpc.server] 1 -> unary call completed grpc.service=gossip.Gossip grpc.method=Ping grpc.request_deadline=2022-11-21T14:18:59.713Z grpc.peer_address=127.0.0.1:58660 grpc.code=OK grpc.call_duration=55.2µs
[        org1peer] 2022-11-21 14:18:57.713 UTC 003a INFO [ledgermgmt] CreateLedger -> Created ledger [appchannel] with genesis block
[         console] 2022/11/21 14:18:57 RemoteAddr=127.0.0.1:53068 RequestURI=/gossip.Gossip/GossipStream  Host=org2peer-api.localho.st:8080
[         console] 2022/11/21 14:18:57 Using route mapping for 'org2peer-api.localho.st:8080' ['org2peer-api.localho.st:8080','localhost:2009','true','true']
[         console] 2022/11/21 14:18:57 RemoteAddr=127.0.0.1:53070 RequestURI=/gossip.Gossip/GossipStream  Host=org1peer-api.localho.st:8080
[         console] 2022/11/21 14:18:57 Using route mapping for 'org1peer-api.localho.st:8080' ['org1peer-api.localho.st:8080','localhost:2002','true','true']
[        org2peer] 2022-11-21 14:18:57.714 UTC 0038 WARN [gossip.comm] authenticateRemotePeer -> 127.0.0.1:58872 didn't send TLS certificate
[        org2peer] 2022-11-21 14:18:57.714 UTC 0039 ERRO [gossip.comm] GossipStream -> Authentication failed: no TLS certificate
[        org2peer] 2022-11-21 14:18:57.714 UTC 003a INFO [comm.grpc.server] 1 -> streaming call completed grpc.service=gossip.Gossip grpc.method=GossipStream grpc.request_deadline=2022-11-21T14:19:07.714Z grpc.peer_address=127.0.0.1:58872 error="no TLS certificate" grpc.code=Unknown grpc.call_duration=245.7µs
[        org1peer] 2022-11-21 14:18:57.715 UTC 003b WARN [gossip.comm] authenticateRemotePeer -> 127.0.0.1:58660 didn't send TLS certificate
[        org1peer] 2022-11-21 14:18:57.715 UTC 003c ERRO [gossip.comm] GossipStream -> Authentication failed: no TLS certificate
[        org1peer] 2022-11-21 14:18:57.715 UTC 003d INFO [comm.grpc.server] 1 -> streaming call completed grpc.service=gossip.Gossip grpc.method=GossipStream grpc.request_deadline=2022-11-21T14:19:07.714Z grpc.peer_address=127.0.0.1:58660 error="no TLS certificate" grpc.code=Unknown grpc.call_duration=249.5µs
[        org1peer] 2022-11-21 14:18:57.716 UTC 003e INFO [kvledger] commit -> [mychannel] Committed block [1] with 1 transaction(s) in 27ms (state_validation=0ms block_and_pvtdata_commit=15ms state_commit=6ms) commitHash=[47dc540c94ceb704a23875c11273e16bb0b8a87aed84de911f2133568115f254]
[        org1peer] 2022-11-21 14:18:57.716 UTC 003f INFO [gossip.gossip] JoinChan -> Joining gossip network of channel appchannel with 2 organizations
[        org1peer] 2022-11-21 14:18:57.716 UTC 0040 INFO [gossip.gossip] learnAnchorPeers -> No configured anchor peers of org2MSP for channel appchannel to learn about
[        org1peer] 2022-11-21 14:18:57.716 UTC 0041 INFO [gossip.gossip] learnAnchorPeers -> No configured anchor peers of org1MSP for channel appchannel to learn about
[        org1peer] 2022-11-21 14:18:57.716 UTC 0042 INFO [gateway] configUpdate -> Updating orderer config channel=appchannel
[        org1peer] 2022-11-21 14:18:57.717 UTC 0043 INFO [gossip.state] NewGossipStateProvider -> Updating metadata information for channel appchannel, current ledger sequence is at = 0, next expected block is = 1
[        org1peer] 2022-11-21 14:18:57.717 UTC 0044 INFO [deliveryClient] StartDeliverForChannel -> This peer will retrieve blocks from ordering service and disseminate to other peers in the organization for channel appchannel
[        org1peer] 2022-11-21 14:18:57.718 UTC 0045 INFO [endorser] callChaincode -> finished chaincode: cscc duration: 101ms channel= txID=611e400c
[        org1peer] 2022-11-21 14:18:57.718 UTC 0046 INFO [comm.grpc.server] 1 -> unary call completed grpc.service=protos.Endorser grpc.method=ProcessProposal grpc.request_deadline=2022-11-21T14:19:27.615Z grpc.peer_address=127.0.0.1:58644 grpc.code=OK grpc.call_duration=102.251ms
[       microfabd] 2022/11/21 14:18:57 Joined channel appchannel on peer for endorsing organization org1
[       microfabd] 2022/11/21 14:18:57 Created and joined channel appchannel
[       microfabd] 2022/11/21 14:18:57 Microfab started in 809ms
[        org2peer] 2022-11-21 14:18:57.722 UTC 003b INFO [kvledger] commit -> [appchannel] Committed block [1] with 1 transaction(s) in 25ms (state_validation=0ms block_and_pvtdata_commit=16ms state_commit=5ms) commitHash=[47dc540c94ceb704a23875c11273e16bb0b8a87aed84de911f2133568115f254]
[         console] 2022/11/21 14:18:57 RemoteAddr=127.0.0.1:53076 RequestURI=/gossip.Gossip/Ping  Host=org1peer-api.localho.st:8080
[         console] 2022/11/21 14:18:57 Using route mapping for 'org1peer-api.localho.st:8080' ['org1peer-api.localho.st:8080','localhost:2002','true','true']
[        org1peer] 2022-11-21 14:18:57.735 UTC 0047 INFO [comm.grpc.server] 1 -> unary call completed grpc.service=gossip.Gossip grpc.method=Ping grpc.request_deadline=2022-11-21T14:18:59.735Z grpc.peer_address=127.0.0.1:58660 grpc.code=OK grpc.call_duration=123.6µs
[         console] 2022/11/21 14:18:57 RemoteAddr=127.0.0.1:53076 RequestURI=/gossip.Gossip/GossipStream  Host=org1peer-api.localho.st:8080
[         console] 2022/11/21 14:18:57 Using route mapping for 'org1peer-api.localho.st:8080' ['org1peer-api.localho.st:8080','localhost:2002','true','true']
[        org1peer] 2022-11-21 14:18:57.737 UTC 0048 WARN [gossip.comm] authenticateRemotePeer -> 127.0.0.1:58660 didn't send TLS certificate
[        org1peer] 2022-11-21 14:18:57.738 UTC 0049 ERRO [gossip.comm] GossipStream -> Authentication failed: no TLS certificate
[        org1peer] 2022-11-21 14:18:57.738 UTC 004a INFO [comm.grpc.server] 1 -> streaming call completed grpc.service=gossip.Gossip grpc.method=GossipStream grpc.request_deadline=2022-11-21T14:19:07.737Z grpc.peer_address=127.0.0.1:58660 error="no TLS certificate" grpc.code=Unknown grpc.call_duration=268.6µs
[         console] 2022/11/21 14:18:57 RemoteAddr=127.0.0.1:53078 RequestURI=/orderer.AtomicBroadcast/Deliver  Host=orderer-api.localho.st:8080
[         console] 2022/11/21 14:18:57 Using route mapping for 'orderer-api.localho.st:8080' ['orderer-api.localho.st:8080','localhost:2005','true','true']
[        org1peer] 2022-11-21 14:18:57.767 UTC 004b INFO [gossip.privdata] StoreBlock -> Received block [1] from buffer channel=appchannel
[        org1peer] 2022-11-21 14:18:57.773 UTC 004c INFO [gossip.gossip] JoinChan -> Joining gossip network of channel appchannel with 2 organizations
[        org1peer] 2022-11-21 14:18:57.773 UTC 004d INFO [gossip.gossip] learnAnchorPeers -> Learning about the configured anchor peers of org1MSP for channel appchannel: [{org1peer-api.localho.st 8080}]
[        org1peer] 2022-11-21 14:18:57.773 UTC 004e INFO [gossip.gossip] learnAnchorPeers -> Learning about the configured anchor peers of org2MSP for channel appchannel: [{org2peer-api.localho.st 8080}]
[        org1peer] 2022-11-21 14:18:57.773 UTC 004f INFO [gateway] configUpdate -> Updating orderer config channel=appchannel
[        org1peer] 2022-11-21 14:18:57.774 UTC 0050 INFO [committer.txvalidator] Validate -> [appchannel] Validated block [1] in 6ms
[         console] 2022/11/21 14:18:57 RemoteAddr=127.0.0.1:53080 RequestURI=/gossip.Gossip/Ping  Host=org1peer-api.localho.st:8080
[         console] 2022/11/21 14:18:57 Using route mapping for 'org1peer-api.localho.st:8080' ['org1peer-api.localho.st:8080','localhost:2002','true','true']
[        org1peer] 2022-11-21 14:18:57.786 UTC 0051 INFO [comm.grpc.server] 1 -> unary call completed grpc.service=gossip.Gossip grpc.method=Ping grpc.request_deadline=2022-11-21T14:18:59.786Z grpc.peer_address=127.0.0.1:58660 grpc.code=OK grpc.call_duration=72.2µs
[         console] 2022/11/21 14:18:57 RemoteAddr=127.0.0.1:53082 RequestURI=/gossip.Gossip/Ping  Host=org2peer-api.localho.st:8080
[         console] 2022/11/21 14:18:57 Using route mapping for 'org2peer-api.localho.st:8080' ['org2peer-api.localho.st:8080','localhost:2009','true','true']
[        org2peer] 2022-11-21 14:18:57.787 UTC 003c INFO [comm.grpc.server] 1 -> unary call completed grpc.service=gossip.Gossip grpc.method=Ping grpc.request_deadline=2022-11-21T14:18:59.787Z grpc.peer_address=127.0.0.1:58872 grpc.code=OK grpc.call_duration=70.9µs
[         console] 2022/11/21 14:18:57 RemoteAddr=127.0.0.1:53080 RequestURI=/gossip.Gossip/GossipStream  Host=org1peer-api.localho.st:8080
[         console] 2022/11/21 14:18:57 Using route mapping for 'org1peer-api.localho.st:8080' ['org1peer-api.localho.st:8080','localhost:2002','true','true']
[        org1peer] 2022-11-21 14:18:57.788 UTC 0052 WARN [gossip.comm] authenticateRemotePeer -> 127.0.0.1:58660 didn't send TLS certificate
[        org1peer] 2022-11-21 14:18:57.788 UTC 0053 ERRO [gossip.comm] GossipStream -> Authentication failed: no TLS certificate
[        org1peer] 2022-11-21 14:18:57.788 UTC 0054 INFO [comm.grpc.server] 1 -> streaming call completed grpc.service=gossip.Gossip grpc.method=GossipStream grpc.request_deadline=2022-11-21T14:19:07.788Z grpc.peer_address=127.0.0.1:58660 error="no TLS certificate" grpc.code=Unknown grpc.call_duration=275.9µs
[         console] 2022/11/21 14:18:57 RemoteAddr=127.0.0.1:53082 RequestURI=/gossip.Gossip/GossipStream  Host=org2peer-api.localho.st:8080
[         console] 2022/11/21 14:18:57 Using route mapping for 'org2peer-api.localho.st:8080' ['org2peer-api.localho.st:8080','localhost:2009','true','true']
[        org2peer] 2022-11-21 14:18:57.789 UTC 003d WARN [gossip.comm] authenticateRemotePeer -> 127.0.0.1:58872 didn't send TLS certificate
[        org2peer] 2022-11-21 14:18:57.789 UTC 003e ERRO [gossip.comm] GossipStream -> Authentication failed: no TLS certificate
[        org2peer] 2022-11-21 14:18:57.789 UTC 003f INFO [comm.grpc.server] 1 -> streaming call completed grpc.service=gossip.Gossip grpc.method=GossipStream grpc.request_deadline=2022-11-21T14:19:07.789Z grpc.peer_address=127.0.0.1:58872 error="no TLS certificate" grpc.code=Unknown grpc.call_duration=274.6µs
[        org1peer] 2022-11-21 14:18:57.796 UTC 0055 INFO [kvledger] commit -> [appchannel] Committed block [1] with 1 transaction(s) in 21ms (state_validation=0ms block_and_pvtdata_commit=16ms state_commit=2ms) commitHash=[47dc540c94ceb704a23875c11273e16bb0b8a87aed84de911f2133568115f254]
[        org2peer] 2022-11-21 14:18:59.714 UTC 0040 WARN [gossip.comm] authenticateRemotePeer -> Failed reading message from 127.0.0.1:8080, reason: timed out waiting for connection message from 127.0.0.1:8080
[        org2peer] 2022-11-21 14:18:59.714 UTC 0041 WARN [gossip.comm] authenticateRemotePeer -> Failed reading message from 127.0.0.1:8080, reason: timed out waiting for connection message from 127.0.0.1:8080
[        org2peer] 2022-11-21 14:18:59.714 UTC 0042 WARN [gossip.comm] Handshake -> Authentication failed: timed out waiting for connection message from 127.0.0.1:8080
[        org2peer] 2022-11-21 14:18:59.714 UTC 0043 WARN [gossip.comm] Handshake -> Authentication failed: timed out waiting for connection message from 127.0.0.1:8080
[        org2peer] 2022-11-21 14:18:59.715 UTC 0044 WARN [gossip.gossip] func1 -> Deep probe of org1peer-api.localho.st:8080 for channel appchannel failed: timed out waiting for connection message from 127.0.0.1:8080
[        org2peer] 2022-11-21 14:18:59.715 UTC 0045 WARN [gossip.gossip] func1 -> Deep probe of org2peer-api.localho.st:8080 for channel appchannel failed: timed out waiting for connection message from 127.0.0.1:8080
[        org2peer] 2022-11-21 14:18:59.715 UTC 0046 WARN [gossip.discovery] func1 -> Could not connect to Endpoint: org2peer-api.localho.st:8080, InternalEndpoint: org2peer-api.localho.st:8080, PKI-ID: <nil>, Metadata:  : timed out waiting for connection message from 127.0.0.1:8080
[        org2peer] 2022-11-21 14:18:59.715 UTC 0047 WARN [gossip.discovery] func1 -> Could not connect to Endpoint: org1peer-api.localho.st:8080, InternalEndpoint: org1peer-api.localho.st:8080, PKI-ID: <nil>, Metadata:  : timed out waiting for connection message from 127.0.0.1:8080
[        org1peer] 2022-11-21 14:18:59.738 UTC 0056 WARN [gossip.comm] authenticateRemotePeer -> Failed reading message from 127.0.0.1:8080, reason: timed out waiting for connection message from 127.0.0.1:8080
[        org1peer] 2022-11-21 14:18:59.738 UTC 0057 WARN [gossip.comm] Handshake -> Authentication failed: timed out waiting for connection message from 127.0.0.1:8080
[        org1peer] 2022-11-21 14:18:59.738 UTC 0058 WARN [gossip.gossip] func1 -> Deep probe of org1peer-api.localho.st:8080 for channel mychannel failed: timed out waiting for connection message from 127.0.0.1:8080
[        org1peer] 2022-11-21 14:18:59.738 UTC 0059 WARN [gossip.discovery] func1 -> Could not connect to Endpoint: org1peer-api.localho.st:8080, InternalEndpoint: org1peer-api.localho.st:8080, PKI-ID: <nil>, Metadata:  : timed out waiting for connection message from 127.0.0.1:8080
[        org1peer] 2022-11-21 14:18:59.788 UTC 005a WARN [gossip.comm] authenticateRemotePeer -> Failed reading message from 127.0.0.1:8080, reason: timed out waiting for connection message from 127.0.0.1:8080
[        org1peer] 2022-11-21 14:18:59.788 UTC 005b WARN [gossip.comm] Handshake -> Authentication failed: timed out waiting for connection message from 127.0.0.1:8080
[        org1peer] 2022-11-21 14:18:59.788 UTC 005c WARN [gossip.gossip] func1 -> Deep probe of org1peer-api.localho.st:8080 for channel appchannel failed: timed out waiting for connection message from 127.0.0.1:8080
[        org1peer] 2022-11-21 14:18:59.788 UTC 005d WARN [gossip.discovery] func1 -> Could not connect to Endpoint: org1peer-api.localho.st:8080, InternalEndpoint: org1peer-api.localho.st:8080, PKI-ID: <nil>, Metadata:  : timed out waiting for connection message from 127.0.0.1:8080
[        org1peer] 2022-11-21 14:18:59.789 UTC 005e WARN [gossip.comm] authenticateRemotePeer -> Failed reading message from 127.0.0.1:8080, reason: timed out waiting for connection message from 127.0.0.1:8080
[        org1peer] 2022-11-21 14:18:59.789 UTC 005f WARN [gossip.comm] Handshake -> Authentication failed: timed out waiting for connection message from 127.0.0.1:8080
[        org1peer] 2022-11-21 14:18:59.789 UTC 0060 WARN [gossip.gossip] func1 -> Deep probe of org2peer-api.localho.st:8080 for channel appchannel failed: timed out waiting for connection message from 127.0.0.1:8080
[        org1peer] 2022-11-21 14:18:59.789 UTC 0061 WARN [gossip.discovery] func1 -> Could not connect to Endpoint: org2peer-api.localho.st:8080, InternalEndpoint: org2peer-api.localho.st:8080, PKI-ID: <nil>, Metadata:  : timed out waiting for connection message from 127.0.0.1:8080
