
Stating microfab....
[       microfabd] 2022/11/18 14:48:54 Starting Microfab ...
[       microfabd] 2022/11/18 14:48:54 MBW
[       microfabd] 2022/11/18 14:48:54 Creating endorsing organization org2 ...
[       microfabd] 2022/11/18 14:48:54 Creating ordering organization Orderer ...
[       microfabd] 2022/11/18 14:48:54 Creating endorsing organization org1 ...
[       microfabd] 2022/11/18 14:48:54 Created endorsing organization org2
[       microfabd] 2022/11/18 14:48:54 Created ordering organization Orderer
[       microfabd] 2022/11/18 14:48:54 Created endorsing organization org1
[       microfabd] 2022/11/18 14:48:54 Creating and starting CA for endorsing organization org2 ...
[       microfabd] 2022/11/18 14:48:54 Creating and starting orderer for ordering organization Orderer ...
[       microfabd] 2022/11/18 14:48:54 Creating and starting CA for endorsing organization org1 ...
[       microfabd] 2022/11/18 14:48:54 Creating and starting peer for endorsing organization org2 ...
[       microfabd] 2022/11/18 14:48:54 Creating and starting peer for endorsing organization org1 ...
[start --boot admin:adminpw --ca.certfile /opt/microfab/data/ca-org2/ca-cert.pem --ca.keyfile /opt/microfab/data/ca-org2/ca-key.pem --port 2000 --operations.listenaddress 0.0.0.0:2001 --ca.name org2ca --tls.enabled --tls.certfile /opt/microfab/data/ca-org2/tls/cert.pem --tls.keyfile /opt/microfab/data/ca-org2/tls/key.pem --operations.tls.enabled --operations.tls.certfile /opt/microfab/data/ca-org2/tls/cert.pem --operations.tls.keyfile /opt/microfab/data/ca-org2/tls/key.pem][start --boot admin:adminpw --ca.certfile /opt/microfab/data/ca-org1/ca-cert.pem --ca.keyfile /opt/microfab/data/ca-org1/ca-key.pem --port 2004 --operations.listenaddress 0.0.0.0:2005 --ca.name org1ca --tls.enabled --tls.certfile /opt/microfab/data/ca-org1/tls/cert.pem --tls.keyfile /opt/microfab/data/ca-org1/tls/key.pem --operations.tls.enabled --operations.tls.certfile /opt/microfab/data/ca-org1/tls/cert.pem --operations.tls.keyfile /opt/microfab/data/ca-org1/tls/key.pem][          org1ca] 2022/11/18 14:48:54 [INFO] Created default configuration file at /opt/microfab/data/ca-org1/fabric-ca-server-config.yaml
[          org2ca] 2022/11/18 14:48:54 [INFO] Created default configuration file at /opt/microfab/data/ca-org2/fabric-ca-server-config.yaml
[        org1peer] [34m2022-11-18 14:48:54.523 UTC 0001 INFO[0m [nodeCmd] [34;1mserve[0m -> Starting peer:
[        org1peer]  Version: 2.4.6
[        org1peer]  Commit SHA: 83596078d
[        org1peer]  Go version: go1.18.2
[        org1peer]  OS/Arch: linux/amd64
[        org1peer]  Chaincode:
[        org1peer]   Base Docker Label: org.hyperledger.fabric
[        org1peer]   Docker Namespace: hyperledger
[        org1peer] [34m2022-11-18 14:48:54.523 UTC 0002 INFO[0m [peer] [34;1mgetLocalAddress[0m -> Auto-detected peer address: 172.19.0.2:2009
[        org1peer] [34m2022-11-18 14:48:54.523 UTC 0003 INFO[0m [peer] [34;1mgetLocalAddress[0m -> Host is 0.0.0.0 , falling back to auto-detected address: 172.19.0.2:2009
[         orderer] [34m2022-11-18 14:48:54.525 UTC 0001 INFO[0m [localconfig] [34;1mcompleteInitialization[0m -> Kafka.Version unset, setting to 0.10.2.0
[         orderer] [34m2022-11-18 14:48:54.525 UTC 0002 INFO[0m [orderer.common.server] [34;1mprettyPrintStruct[0m -> Orderer config values:
[         orderer] 	General.ListenAddress = "0.0.0.0"
[         orderer] 	General.ListenPort = 2002
[         orderer] 	General.TLS.Enabled = true
[         orderer] 	General.TLS.PrivateKey = "/opt/microfab/data/orderer/tls/key.pem"
[         orderer] 	General.TLS.Certificate = "/opt/microfab/data/orderer/tls/cert.pem"
[         orderer] 	General.TLS.RootCAs = [/opt/microfab/data/orderer/tls/ca.pem]
[         orderer] 	General.TLS.ClientAuthRequired = false
[         orderer] 	General.TLS.ClientRootCAs = []
[         orderer] 	General.TLS.TLSHandshakeTimeShift = 0s
[         orderer] 	General.Cluster.ListenAddress = ""
[         orderer] 	General.Cluster.ListenPort = 0
[         orderer] 	General.Cluster.ServerCertificate = ""
[         orderer] 	General.Cluster.ServerPrivateKey = ""
[         orderer] 	General.Cluster.ClientCertificate = ""
[         orderer] 	General.Cluster.ClientPrivateKey = ""
[         orderer] 	General.Cluster.RootCAs = []
[         orderer] 	General.Cluster.DialTimeout = 5s
[         orderer] 	General.Cluster.RPCTimeout = 7s
[         orderer] 	General.Cluster.ReplicationBufferSize = 20971520
[         orderer] 	General.Cluster.ReplicationPullTimeout = 5s
[         orderer] 	General.Cluster.ReplicationRetryTimeout = 5s
[         orderer] 	General.Cluster.ReplicationBackgroundRefreshInterval = 5m0s
[         orderer] 	General.Cluster.ReplicationMaxRetries = 12
[         orderer] 	General.Cluster.SendBufferSize = 10
[         orderer] 	General.Cluster.CertExpirationWarningThreshold = 168h0m0s
[         orderer] 	General.Cluster.TLSHandshakeTimeShift = 0s
[         orderer] 	General.Keepalive.ServerMinInterval = 1m0s
[         orderer] 	General.Keepalive.ServerInterval = 2h0m0s
[         orderer] 	General.Keepalive.ServerTimeout = 20s
[         orderer] 	General.ConnectionTimeout = 0s
[         orderer] 	General.GenesisMethod = ""
[         orderer] 	General.GenesisFile = ""
[         orderer] 	General.BootstrapMethod = "file"
[         orderer] 	General.BootstrapFile = "/opt/microfab/data/orderer/config/genesisblock"
[         orderer] 	General.Profile.Enabled = false
[         orderer] 	General.Profile.Address = "0.0.0.0:6060"
[         orderer] 	General.LocalMSPDir = "/opt/microfab/data/orderer/msp"
[         orderer] 	General.LocalMSPID = "OrdererMSP"
[         orderer] 	General.BCCSP.Default = "SW"
[         orderer] 	General.BCCSP.SW.Security = 256
[         orderer] 	General.BCCSP.SW.Hash = "SHA2"
[         orderer] 	General.BCCSP.SW.FileKeystore.KeyStorePath = ""
[         orderer] 	General.Authentication.TimeWindow = 15m0s
[         orderer] 	General.Authentication.NoExpirationChecks = false
[         orderer] 	General.MaxRecvMsgSize = 104857600
[         orderer] 	General.MaxSendMsgSize = 104857600
[         orderer] 	FileLedger.Location = "/opt/microfab/data/orderer/data"
[         orderer] 	FileLedger.Prefix = ""
[         orderer] 	Kafka.Retry.ShortInterval = 5s
[         orderer] 	Kafka.Retry.ShortTotal = 10m0s
[         orderer] 	Kafka.Retry.LongInterval = 5m0s
[         orderer] 	Kafka.Retry.LongTotal = 12h0m0s
[         orderer] 	Kafka.Retry.NetworkTimeouts.DialTimeout = 10s
[         orderer] 	Kafka.Retry.NetworkTimeouts.ReadTimeout = 10s
[         orderer] 	Kafka.Retry.NetworkTimeouts.WriteTimeout = 10s
[         orderer] 	Kafka.Retry.Metadata.RetryMax = 3
[         orderer] 	Kafka.Retry.Metadata.RetryBackoff = 250ms
[         orderer] 	Kafka.Retry.Producer.RetryMax = 3
[         orderer] 	Kafka.Retry.Producer.RetryBackoff = 100ms
[         orderer] 	Kafka.Retry.Consumer.RetryBackoff = 2s
[         orderer] 	Kafka.Verbose = false
[         orderer] 	Kafka.Version = 0.10.2.0
[         orderer] 	Kafka.TLS.Enabled = false
[         orderer] 	Kafka.TLS.PrivateKey = ""
[         orderer] 	Kafka.TLS.Certificate = ""
[         orderer] 	Kafka.TLS.RootCAs = []
[         orderer] 	Kafka.TLS.ClientAuthRequired = false
[         orderer] 	Kafka.TLS.ClientRootCAs = []
[         orderer] 	Kafka.TLS.TLSHandshakeTimeShift = 0s
[         orderer] 	Kafka.SASLPlain.Enabled = false
[         orderer] 	Kafka.SASLPlain.User = ""
[         orderer] 	Kafka.SASLPlain.Password = ""
[         orderer] 	Kafka.Topic.ReplicationFactor = 3
[         orderer] 	Debug.BroadcastTraceDir = ""
[         orderer] 	Debug.DeliverTraceDir = ""
[         orderer] 	Consensus = map[SnapDir:/opt/microfab/data/orderer/data/etcdraft/snapshot WALDir:/opt/microfab/data/orderer/data/etcdraft/wal]
[         orderer] 	Operations.ListenAddress = "0.0.0.0:2003"
[         orderer] 	Operations.TLS.Enabled = true
[         orderer] 	Operations.TLS.PrivateKey = "/opt/microfab/data/orderer/tls/key.pem"
[         orderer] 	Operations.TLS.Certificate = "/opt/microfab/data/orderer/tls/cert.pem"
[         orderer] 	Operations.TLS.RootCAs = []
[         orderer] 	Operations.TLS.ClientAuthRequired = false
[         orderer] 	Operations.TLS.ClientRootCAs = []
[         orderer] 	Operations.TLS.TLSHandshakeTimeShift = 0s
[         orderer] 	Metrics.Provider = "prometheus"
[         orderer] 	Metrics.Statsd.Network = "udp"
[         orderer] 	Metrics.Statsd.Address = "127.0.0.1:8125"
[         orderer] 	Metrics.Statsd.WriteInterval = 30s
[         orderer] 	Metrics.Statsd.Prefix = ""
[         orderer] 	ChannelParticipation.Enabled = false
[         orderer] 	ChannelParticipation.MaxRequestBodySize = 1048576
[         orderer] 	Admin.ListenAddress = "127.0.0.1:9443"
[         orderer] 	Admin.TLS.Enabled = false
[         orderer] 	Admin.TLS.PrivateKey = ""
[         orderer] 	Admin.TLS.Certificate = ""
[         orderer] 	Admin.TLS.RootCAs = []
[         orderer] 	Admin.TLS.ClientAuthRequired = true
[         orderer] 	Admin.TLS.ClientRootCAs = []
[         orderer] 	Admin.TLS.TLSHandshakeTimeShift = 0s
[        org1peer] [34m2022-11-18 14:48:54.525 UTC 0004 INFO[0m [nodeCmd] [34;1minitGrpcSemaphores[0m -> concurrency limit for endorser service is 2500
[        org1peer] [34m2022-11-18 14:48:54.525 UTC 0005 INFO[0m [nodeCmd] [34;1minitGrpcSemaphores[0m -> concurrency limit for deliver service is 2500
[        org1peer] [34m2022-11-18 14:48:54.525 UTC 0006 INFO[0m [nodeCmd] [34;1minitGrpcSemaphores[0m -> concurrency limit for gateway service is 500
[        org1peer] [34m2022-11-18 14:48:54.525 UTC 0007 INFO[0m [nodeCmd] [34;1mserve[0m -> Starting peer with TLS enabled
[         orderer] [34m2022-11-18 14:48:54.530 UTC 0003 INFO[0m [orderer.common.server] [34;1minitializeServerConfig[0m -> Starting orderer with TLS enabled
[        org2peer] [34m2022-11-18 14:48:54.531 UTC 0001 INFO[0m [nodeCmd] [34;1mserve[0m -> Starting peer:
[        org2peer]  Version: 2.4.6
[        org2peer]  Commit SHA: 83596078d
[        org2peer]  Go version: go1.18.2
[        org2peer]  OS/Arch: linux/amd64
[        org2peer]  Chaincode:
[        org2peer]   Base Docker Label: org.hyperledger.fabric
[        org2peer]   Docker Namespace: hyperledger
[        org2peer] [34m2022-11-18 14:48:54.531 UTC 0002 INFO[0m [peer] [34;1mgetLocalAddress[0m -> Auto-detected peer address: 172.19.0.2:2006
[        org2peer] [34m2022-11-18 14:48:54.531 UTC 0003 INFO[0m [peer] [34;1mgetLocalAddress[0m -> Host is 0.0.0.0 , falling back to auto-detected address: 172.19.0.2:2006
[        org2peer] [34m2022-11-18 14:48:54.533 UTC 0004 INFO[0m [nodeCmd] [34;1minitGrpcSemaphores[0m -> concurrency limit for endorser service is 2500
[        org2peer] [34m2022-11-18 14:48:54.533 UTC 0005 INFO[0m [nodeCmd] [34;1minitGrpcSemaphores[0m -> concurrency limit for deliver service is 2500
[        org2peer] [34m2022-11-18 14:48:54.533 UTC 0006 INFO[0m [nodeCmd] [34;1minitGrpcSemaphores[0m -> concurrency limit for gateway service is 500
[        org2peer] [34m2022-11-18 14:48:54.534 UTC 0007 INFO[0m [nodeCmd] [34;1mserve[0m -> Starting peer with TLS enabled
[          org1ca] 2022/11/18 14:48:54 [INFO] Starting server in home directory: /opt/microfab/data/ca-org1
[          org1ca] 2022/11/18 14:48:54 [INFO] Server Version: 1.5.2
[          org1ca] 2022/11/18 14:48:54 [INFO] Server Levels: &{Identity:2 Affiliation:1 Certificate:1 Credential:1 RAInfo:1 Nonce:1}
[          org2ca] 2022/11/18 14:48:54 [INFO] Starting server in home directory: /opt/microfab/data/ca-org2
[          org2ca] 2022/11/18 14:48:54 [INFO] Server Version: 1.5.2
[          org2ca] 2022/11/18 14:48:54 [INFO] Server Levels: &{Identity:2 Affiliation:1 Certificate:1 Credential:1 RAInfo:1 Nonce:1}
[          org1ca] 2022/11/18 14:48:54 [INFO] The CA key and certificate files already exist
[          org1ca] 2022/11/18 14:48:54 [INFO] Key file location: /opt/microfab/data/ca-org1/ca-key.pem
[          org1ca] 2022/11/18 14:48:54 [INFO] Certificate file location: /opt/microfab/data/ca-org1/ca-cert.pem
[          org2ca] 2022/11/18 14:48:54 [INFO] The CA key and certificate files already exist
[          org2ca] 2022/11/18 14:48:54 [INFO] Key file location: /opt/microfab/data/ca-org2/ca-key.pem
[          org2ca] 2022/11/18 14:48:54 [INFO] Certificate file location: /opt/microfab/data/ca-org2/ca-cert.pem
[         orderer] [34m2022-11-18 14:48:54.571 UTC 0004 INFO[0m [blkstorage] [34;1mNewProvider[0m -> Creating new file ledger directory at /opt/microfab/data/orderer/data/chains
[         orderer] [34m2022-11-18 14:48:54.587 UTC 0005 INFO[0m [orderer.common.server] [34;1mMain[0m -> Bootstrapping the system channel
[         orderer] [34m2022-11-18 14:48:54.592 UTC 0006 INFO[0m [blkstorage] [34;1mnewBlockfileMgr[0m -> Getting block information from block storage
[        org2peer] [34m2022-11-18 14:48:54.608 UTC 0008 INFO[0m [certmonitor] [34;1mtrackCertExpiration[0m -> The enrollment certificate will expire on 2032-11-15 14:43:54 +0000 UTC
[        org1peer] [34m2022-11-18 14:48:54.608 UTC 0008 INFO[0m [certmonitor] [34;1mtrackCertExpiration[0m -> The enrollment certificate will expire on 2032-11-15 14:43:54 +0000 UTC
[        org1peer] [34m2022-11-18 14:48:54.608 UTC 0009 INFO[0m [certmonitor] [34;1mtrackCertExpiration[0m -> The server TLS certificate will expire on 2032-11-15 14:43:54 +0000 UTC
[        org2peer] [34m2022-11-18 14:48:54.608 UTC 0009 INFO[0m [certmonitor] [34;1mtrackCertExpiration[0m -> The server TLS certificate will expire on 2032-11-15 14:43:54 +0000 UTC
[        org2peer] [34m2022-11-18 14:48:54.609 UTC 000a INFO[0m [ledgermgmt] [34;1mNewLedgerMgr[0m -> Initializing LedgerMgr
[        org1peer] [34m2022-11-18 14:48:54.609 UTC 000a INFO[0m [ledgermgmt] [34;1mNewLedgerMgr[0m -> Initializing LedgerMgr
[         orderer] [34m2022-11-18 14:48:54.611 UTC 0007 INFO[0m [orderer.common.server] [34;1minitializeBootstrapChannel[0m -> Initialized the system channel 'testchainid' from bootstrap block
[         orderer] [34m2022-11-18 14:48:54.614 UTC 0008 INFO[0m [orderer.common.server] [34;1mextractSystemChannel[0m -> Found system channel config block, number: 0
[         orderer] [34m2022-11-18 14:48:54.614 UTC 0009 INFO[0m [orderer.common.server] [34;1mselectClusterBootBlock[0m -> Cluster boot block is bootstrap (genesis) block; Blocks Header.Number system-channel=0, bootstrap=0
[         orderer] [34m2022-11-18 14:48:54.616 UTC 000a INFO[0m [orderer.common.server] [34;1mMain[0m -> Starting with system channel: testchainid, consensus type: solo
[         orderer] [34m2022-11-18 14:48:54.617 UTC 000b INFO[0m [certmonitor] [34;1mtrackCertExpiration[0m -> The enrollment certificate will expire on 2032-11-15 14:43:54 +0000 UTC
[         orderer] [34m2022-11-18 14:48:54.617 UTC 000c INFO[0m [certmonitor] [34;1mtrackCertExpiration[0m -> The server TLS certificate will expire on 2032-11-15 14:43:54 +0000 UTC
[         orderer] [33m2022-11-18 14:48:54.622 UTC 000d WARN[0m [orderer.consensus.solo] [33;1mHandleChain[0m -> Use of the Solo orderer is deprecated and remains only for use in test environments but may be removed in the future.
[         orderer] [34m2022-11-18 14:48:54.622 UTC 000e INFO[0m [orderer.commmon.multichannel] [34;1minitSystemChannel[0m -> Starting system channel 'testchainid' with genesis block hash f4f78805335f39b6d4c6f1deb0298626f8b20aa982ee61b5632ea2ed22c43a6b and orderer type solo
[         orderer] [34m2022-11-18 14:48:54.623 UTC 000f INFO[0m [orderer.common.server] [34;1mMain[0m -> Starting orderer:
[         orderer]  Version: 2.4.6
[         orderer]  Commit SHA: 83596078d
[         orderer]  Go version: go1.18.2
[         orderer]  OS/Arch: linux/amd64
[         orderer] [34m2022-11-18 14:48:54.623 UTC 0010 INFO[0m [orderer.common.server] [34;1mMain[0m -> Beginning to serve requests
[        org2peer] [34m2022-11-18 14:48:54.663 UTC 000b INFO[0m [leveldbhelper] [34;1mopenDBAndCheckFormat[0m -> DB is empty Setting db format as 2.0
[        org1peer] [34m2022-11-18 14:48:54.663 UTC 000b INFO[0m [leveldbhelper] [34;1mopenDBAndCheckFormat[0m -> DB is empty Setting db format as 2.0
[        org2peer] [34m2022-11-18 14:48:54.667 UTC 000c INFO[0m [blkstorage] [34;1mNewProvider[0m -> Creating new file ledger directory at /opt/microfab/data/peer-org2/data/ledgersData/chains/chains
[        org1peer] [34m2022-11-18 14:48:54.667 UTC 000c INFO[0m [blkstorage] [34;1mNewProvider[0m -> Creating new file ledger directory at /opt/microfab/data/peer-org1/data/ledgersData/chains/chains
[       microfabd] 2022/11/18 14:48:54 Created and started orderer for ordering organization Orderer
[        org2peer] [34m2022-11-18 14:48:54.722 UTC 000d INFO[0m [leveldbhelper] [34;1mopenDBAndCheckFormat[0m -> DB is empty Setting db format as 2.0
[        org1peer] [34m2022-11-18 14:48:54.722 UTC 000d INFO[0m [leveldbhelper] [34;1mopenDBAndCheckFormat[0m -> DB is empty Setting db format as 2.0
[          org1ca] 2022/11/18 14:48:54 [INFO] Initialized sqlite3 database at /opt/microfab/data/ca-org1/fabric-ca-server.db
[          org2ca] 2022/11/18 14:48:54 [INFO] Initialized sqlite3 database at /opt/microfab/data/ca-org2/fabric-ca-server.db
[        org1peer] [34m2022-11-18 14:48:54.881 UTC 000e INFO[0m [leveldbhelper] [34;1mopenDBAndCheckFormat[0m -> DB is empty Setting db format as 2.0
[        org2peer] [34m2022-11-18 14:48:54.881 UTC 000e INFO[0m [leveldbhelper] [34;1mopenDBAndCheckFormat[0m -> DB is empty Setting db format as 2.0
[        org1peer] [34m2022-11-18 14:48:54.889 UTC 000f INFO[0m [ledgermgmt] [34;1mNewLedgerMgr[0m -> Initialized LedgerMgr
[        org2peer] [34m2022-11-18 14:48:54.889 UTC 000f INFO[0m [ledgermgmt] [34;1mNewLedgerMgr[0m -> Initialized LedgerMgr
[        org2peer] [34m2022-11-18 14:48:54.890 UTC 0010 INFO[0m [gossip.service] [34;1mNew[0m -> Initialize gossip with endpoint org2peer-api.localho.st:8080
[        org1peer] [34m2022-11-18 14:48:54.890 UTC 0010 INFO[0m [gossip.service] [34;1mNew[0m -> Initialize gossip with endpoint org1peer-api.localho.st:8080
[        org2peer] [34m2022-11-18 14:48:54.892 UTC 0011 INFO[0m [gossip.gossip] [34;1mNew[0m -> Creating gossip service with self membership of Endpoint: org2peer-api.localho.st:8080, InternalEndpoint: org2peer-api.localho.st:8080, PKI-ID: e036e604e1eae945539617c901bbf692e3e54d1d67346ecfbd89912764ec1840, Metadata: 
[        org1peer] [34m2022-11-18 14:48:54.892 UTC 0011 INFO[0m [gossip.gossip] [34;1mNew[0m -> Creating gossip service with self membership of Endpoint: org1peer-api.localho.st:8080, InternalEndpoint: org1peer-api.localho.st:8080, PKI-ID: cbb52b14e9e6e7c01a308bb95b942da6a0d760bdf1080a85d79c0015724f4073, Metadata: 
[        org2peer] [34m2022-11-18 14:48:54.892 UTC 0012 INFO[0m [lifecycle] [34;1mInitializeLocalChaincodes[0m -> Initialized lifecycle cache with 0 already installed chaincodes
[        org2peer] [34m2022-11-18 14:48:54.892 UTC 0013 INFO[0m [gossip.gossip] [34;1mstart[0m -> Gossip instance org2peer-api.localho.st:8080 started
[        org1peer] [34m2022-11-18 14:48:54.892 UTC 0012 INFO[0m [lifecycle] [34;1mInitializeLocalChaincodes[0m -> Initialized lifecycle cache with 0 already installed chaincodes
[        org1peer] [34m2022-11-18 14:48:54.892 UTC 0013 INFO[0m [gossip.gossip] [34;1mstart[0m -> Gossip instance org1peer-api.localho.st:8080 started
[        org2peer] [34m2022-11-18 14:48:54.893 UTC 0014 INFO[0m [nodeCmd] [34;1mcomputeChaincodeEndpoint[0m -> Entering computeChaincodeEndpoint with peerHostname: 172.19.0.2
[        org2peer] [34m2022-11-18 14:48:54.893 UTC 0015 INFO[0m [nodeCmd] [34;1mcomputeChaincodeEndpoint[0m -> Exit with ccEndpoint: 172.19.0.2:2007
[        org1peer] [34m2022-11-18 14:48:54.893 UTC 0014 INFO[0m [nodeCmd] [34;1mcomputeChaincodeEndpoint[0m -> Entering computeChaincodeEndpoint with peerHostname: 172.19.0.2
[        org1peer] [34m2022-11-18 14:48:54.893 UTC 0015 INFO[0m [nodeCmd] [34;1mcomputeChaincodeEndpoint[0m -> Exit with ccEndpoint: 172.19.0.2:2010
[          org1ca] 2022/11/18 14:48:54 [INFO] The issuer key was successfully stored. The public key is at: /opt/microfab/data/ca-org1/IssuerPublicKey, secret key is at: /opt/microfab/data/ca-org1/msp/keystore/IssuerSecretKey
[        org2peer] [34m2022-11-18 14:48:54.895 UTC 0016 INFO[0m [sccapi] [34;1mDeploySysCC[0m -> deploying system chaincode 'lscc'
[        org1peer] [34m2022-11-18 14:48:54.895 UTC 0016 INFO[0m [sccapi] [34;1mDeploySysCC[0m -> deploying system chaincode 'lscc'
[        org1peer] [34m2022-11-18 14:48:54.895 UTC 0017 INFO[0m [sccapi] [34;1mDeploySysCC[0m -> deploying system chaincode 'cscc'
[        org1peer] [34m2022-11-18 14:48:54.895 UTC 0018 INFO[0m [sccapi] [34;1mDeploySysCC[0m -> deploying system chaincode 'qscc'
[        org2peer] [34m2022-11-18 14:48:54.895 UTC 0017 INFO[0m [sccapi] [34;1mDeploySysCC[0m -> deploying system chaincode 'cscc'
[        org2peer] [34m2022-11-18 14:48:54.895 UTC 0018 INFO[0m [sccapi] [34;1mDeploySysCC[0m -> deploying system chaincode 'qscc'
[        org1peer] [34m2022-11-18 14:48:54.895 UTC 0019 INFO[0m [sccapi] [34;1mDeploySysCC[0m -> deploying system chaincode '_lifecycle'
[        org1peer] [34m2022-11-18 14:48:54.895 UTC 001a INFO[0m [nodeCmd] [34;1mserve[0m -> Deployed system chaincodes
[        org2peer] [34m2022-11-18 14:48:54.895 UTC 0019 INFO[0m [sccapi] [34;1mDeploySysCC[0m -> deploying system chaincode '_lifecycle'
[        org1peer] [34m2022-11-18 14:48:54.896 UTC 001b INFO[0m [discovery] [34;1mNewService[0m -> Created with config TLS: true, authCacheMaxSize: 1000, authCachePurgeRatio: 0.750000
[        org1peer] [34m2022-11-18 14:48:54.896 UTC 001c INFO[0m [nodeCmd] [34;1mserve[0m -> Discovery service activated
[        org1peer] [34m2022-11-18 14:48:54.896 UTC 001d INFO[0m [nodeCmd] [34;1mserve[0m -> Starting peer with Gateway enabled
[        org2peer] [34m2022-11-18 14:48:54.896 UTC 001a INFO[0m [nodeCmd] [34;1mserve[0m -> Deployed system chaincodes
[        org1peer] [34m2022-11-18 14:48:54.896 UTC 001e INFO[0m [nodeCmd] [34;1mserve[0m -> Starting peer with ID=[org1peer], network ID=[dev], address=[172.19.0.2:2009]
[        org2peer] [34m2022-11-18 14:48:54.896 UTC 001b INFO[0m [discovery] [34;1mNewService[0m -> Created with config TLS: true, authCacheMaxSize: 1000, authCachePurgeRatio: 0.750000
[        org1peer] [34m2022-11-18 14:48:54.896 UTC 001f INFO[0m [nodeCmd] [34;1mserve[0m -> Started peer with ID=[org1peer], network ID=[dev], address=[172.19.0.2:2009]
[        org2peer] [34m2022-11-18 14:48:54.896 UTC 001c INFO[0m [nodeCmd] [34;1mserve[0m -> Discovery service activated
[        org1peer] [34m2022-11-18 14:48:54.896 UTC 0020 INFO[0m [kvledger] [34;1mLoadPreResetHeight[0m -> Loading prereset height from path [/opt/microfab/data/peer-org1/data/ledgersData/chains]
[        org1peer] [34m2022-11-18 14:48:54.896 UTC 0021 INFO[0m [blkstorage] [34;1mpreResetHtFiles[0m -> No active channels passed
[        org2peer] [34m2022-11-18 14:48:54.897 UTC 001d INFO[0m [nodeCmd] [34;1mserve[0m -> Starting peer with Gateway enabled
[        org2peer] [34m2022-11-18 14:48:54.897 UTC 001e INFO[0m [nodeCmd] [34;1mserve[0m -> Starting peer with ID=[org2peer], network ID=[dev], address=[172.19.0.2:2006]
[        org2peer] [34m2022-11-18 14:48:54.897 UTC 001f INFO[0m [nodeCmd] [34;1mserve[0m -> Started peer with ID=[org2peer], network ID=[dev], address=[172.19.0.2:2006]
[        org2peer] [34m2022-11-18 14:48:54.897 UTC 0020 INFO[0m [kvledger] [34;1mLoadPreResetHeight[0m -> Loading prereset height from path [/opt/microfab/data/peer-org2/data/ledgersData/chains]
[        org2peer] [34m2022-11-18 14:48:54.897 UTC 0021 INFO[0m [blkstorage] [34;1mpreResetHtFiles[0m -> No active channels passed
[          org2ca] 2022/11/18 14:48:54 [INFO] The issuer key was successfully stored. The public key is at: /opt/microfab/data/ca-org2/IssuerPublicKey, secret key is at: /opt/microfab/data/ca-org2/msp/keystore/IssuerSecretKey
[          org1ca] 2022/11/18 14:48:54 [INFO] Idemix issuer revocation public and secret keys were generated for CA 'org1ca'
[          org1ca] 2022/11/18 14:48:54 [INFO] The revocation key was successfully stored. The public key is at: /opt/microfab/data/ca-org1/IssuerRevocationPublicKey, private key is at: /opt/microfab/data/ca-org1/msp/keystore/IssuerRevocationPrivateKey
[          org2ca] 2022/11/18 14:48:54 [INFO] Idemix issuer revocation public and secret keys were generated for CA 'org2ca'
[          org2ca] 2022/11/18 14:48:54 [INFO] The revocation key was successfully stored. The public key is at: /opt/microfab/data/ca-org2/IssuerRevocationPublicKey, private key is at: /opt/microfab/data/ca-org2/msp/keystore/IssuerRevocationPrivateKey
[          org1ca] 2022/11/18 14:48:54 [INFO] Home directory for default CA: /opt/microfab/data/ca-org1
[          org1ca] 2022/11/18 14:48:54 [INFO] Operation Server Listening on [::]:2005
[          org1ca] 2022/11/18 14:48:54 [INFO] Listening on https://0.0.0.0:2004
[          org2ca] 2022/11/18 14:48:54 [INFO] Home directory for default CA: /opt/microfab/data/ca-org2
[          org2ca] 2022/11/18 14:48:54 [INFO] Operation Server Listening on [::]:2001
[          org2ca] 2022/11/18 14:48:54 [INFO] Listening on https://0.0.0.0:2000
[        org2peer] [34m2022-11-18 14:48:54.974 UTC 0022 INFO[0m [endorser] [34;1mcallChaincode[0m -> finished chaincode: cscc duration: 0ms channel= txID=e5288a07
[        org2peer] [34m2022-11-18 14:48:54.974 UTC 0023 INFO[0m [comm.grpc.server] [34;1m1[0m -> unary call completed grpc.service=protos.Endorser grpc.method=ProcessProposal grpc.request_deadline=2022-11-18T14:49:24.97Z grpc.peer_address=127.0.0.1:36782 grpc.code=OK grpc.call_duration=1.5952ms
[        org1peer] [34m2022-11-18 14:48:54.975 UTC 0022 INFO[0m [endorser] [34;1mcallChaincode[0m -> finished chaincode: cscc duration: 0ms channel= txID=7cb85e26
[        org1peer] [34m2022-11-18 14:48:54.975 UTC 0023 INFO[0m [comm.grpc.server] [34;1m1[0m -> unary call completed grpc.service=protos.Endorser grpc.method=ProcessProposal grpc.request_deadline=2022-11-18T14:49:24.969Z grpc.peer_address=127.0.0.1:54438 grpc.code=OK grpc.call_duration=2.0342ms
[       microfabd] 2022/11/18 14:48:54 Created and started peer for endorsing organization org2
[       microfabd] 2022/11/18 14:48:54 Created and started peer for endorsing organization org1
[          org1ca] 2022/11/18 14:48:55 [INFO] signed certificate with serial number 383355932364263633164569325300301689509676690750
[          org2ca] 2022/11/18 14:48:55 [INFO] signed certificate with serial number 392368678123048023714249350303356672433569603383
[          org2ca] 2022/11/18 14:48:55 [INFO] 127.0.0.1:49026 POST /enroll 201 0 "OK"
[       microfabd] 2022/11/18 14:48:55 Created and started CA for endorsing organization org2
[          org1ca] 2022/11/18 14:48:55 [INFO] 127.0.0.1:52758 POST /enroll 201 0 "OK"
[       microfabd] 2022/11/18 14:48:55 Created and started CA for endorsing organization org1
[       microfabd] 2022/11/18 14:48:55 Creating and starting console ...
[         console] 2022/11/18 14:48:55 Created new console...
[         console] 2022/11/18 14:48:55 [mbw] RegisterOrganization &{Orderer 0xc0000ad050 0xc0000e2360 <nil> OrdererMSP}
[         console] 2022/11/18 14:48:55 [mbw] RegisterOrganization &{org1 0xc00051b050 0xc000554360 0xc0005a6d50 org1MSP}
[         console] 2022/11/18 14:48:55 [mbw] RegisterOrganization &{org2 0xc0001eaa20 0xc0001ebd10 0xc0000acb70 org2MSP}
[       microfabd] 2022/11/18 14:48:55 Created and started console
[       microfabd] 2022/11/18 14:48:55 Creating and starting proxy ...
[       microfabd] 2022/11/18 14:48:55 Created and started proxy
[       microfabd] 2022/11/18 14:48:55 Creating and joining channel appchannel ...
[       microfabd] 2022/11/18 14:48:55 Creating channel appchannel ...
[       microfabd] 2022/11/18 14:48:55 Creating and joining channel mychannel ...
[       microfabd] 2022/11/18 14:48:55 Creating channel mychannel ...
[         orderer] [34m2022-11-18 14:48:55.098 UTC 0011 INFO[0m [comm.grpc.server] [34;1m1[0m -> streaming call completed grpc.service=orderer.AtomicBroadcast grpc.method=Broadcast grpc.request_deadline=2022-11-18T14:49:25.084Z grpc.peer_address=127.0.0.1:54238 grpc.code=OK grpc.call_duration=9.9075ms
[         orderer] [34m2022-11-18 14:48:55.104 UTC 0012 INFO[0m [blkstorage] [34;1mnewBlockfileMgr[0m -> Getting block information from block storage
[         orderer] [33m2022-11-18 14:48:55.117 UTC 0013 WARN[0m [orderer.consensus.solo] [33;1mHandleChain[0m -> Use of the Solo orderer is deprecated and remains only for use in test environments but may be removed in the future.
[         orderer] [34m2022-11-18 14:48:55.117 UTC 0014 INFO[0m [orderer.commmon.multichannel] [34;1mnewChain[0m -> Created and started new channel mychannel
[         orderer] [34m2022-11-18 14:48:55.119 UTC 0015 INFO[0m [comm.grpc.server] [34;1m1[0m -> streaming call completed grpc.service=orderer.AtomicBroadcast grpc.method=Deliver grpc.request_deadline=2022-11-18T14:49:25.1Z grpc.peer_address=127.0.0.1:54238 grpc.code=OK grpc.call_duration=19.4996ms
[         orderer] [34m2022-11-18 14:48:55.121 UTC 0016 INFO[0m [comm.grpc.server] [34;1m1[0m -> streaming call completed grpc.service=orderer.AtomicBroadcast grpc.method=Deliver grpc.request_deadline=2022-11-18T14:49:25.12Z grpc.peer_address=127.0.0.1:54238 grpc.code=OK grpc.call_duration=591.3µs
[         orderer] [34m2022-11-18 14:48:55.123 UTC 0017 INFO[0m [comm.grpc.server] [34;1m1[0m -> streaming call completed grpc.service=orderer.AtomicBroadcast grpc.method=Deliver grpc.request_deadline=2022-11-18T14:49:25.122Z grpc.peer_address=127.0.0.1:54238 grpc.code=OK grpc.call_duration=538.7µs
[         orderer] [34m2022-11-18 14:48:55.125 UTC 0018 INFO[0m [comm.grpc.server] [34;1m1[0m -> streaming call completed grpc.service=orderer.AtomicBroadcast grpc.method=Broadcast grpc.request_deadline=2022-11-18T14:49:25.085Z grpc.peer_address=127.0.0.1:54236 grpc.code=OK grpc.call_duration=37.2797ms
[         orderer] [34m2022-11-18 14:48:55.131 UTC 0019 INFO[0m [comm.grpc.server] [34;1m1[0m -> streaming call completed grpc.service=orderer.AtomicBroadcast grpc.method=Broadcast grpc.request_deadline=2022-11-18T14:49:25.124Z grpc.peer_address=127.0.0.1:54238 grpc.code=OK grpc.call_duration=7.2066ms
[       microfabd] 2022/11/18 14:48:55 Created channel mychannel
[       microfabd] 2022/11/18 14:48:55 Joining channel mychannel on peer for endorsing organization org1 ...
[         orderer] [34m2022-11-18 14:48:55.134 UTC 001a INFO[0m [blkstorage] [34;1mnewBlockfileMgr[0m -> Getting block information from block storage
[        org1peer] [34m2022-11-18 14:48:55.137 UTC 0024 INFO[0m [ledgermgmt] [34;1mCreateLedger[0m -> Creating ledger [mychannel] with genesis block
[         orderer] [33m2022-11-18 14:48:55.149 UTC 001b WARN[0m [orderer.consensus.solo] [33;1mHandleChain[0m -> Use of the Solo orderer is deprecated and remains only for use in test environments but may be removed in the future.
[         orderer] [34m2022-11-18 14:48:55.149 UTC 001c INFO[0m [orderer.commmon.multichannel] [34;1mnewChain[0m -> Created and started new channel appchannel
[         orderer] [34m2022-11-18 14:48:55.151 UTC 001d INFO[0m [comm.grpc.server] [34;1m1[0m -> streaming call completed grpc.service=orderer.AtomicBroadcast grpc.method=Deliver grpc.request_deadline=2022-11-18T14:49:25.126Z grpc.peer_address=127.0.0.1:54236 grpc.code=OK grpc.call_duration=25.4889ms
[        org1peer] [34m2022-11-18 14:48:55.151 UTC 0025 INFO[0m [blkstorage] [34;1mnewBlockfileMgr[0m -> Getting block information from block storage
[         orderer] [34m2022-11-18 14:48:55.153 UTC 001e INFO[0m [comm.grpc.server] [34;1m1[0m -> streaming call completed grpc.service=orderer.AtomicBroadcast grpc.method=Deliver grpc.request_deadline=2022-11-18T14:49:25.152Z grpc.peer_address=127.0.0.1:54236 grpc.code=OK grpc.call_duration=945.6µs
[         orderer] [34m2022-11-18 14:48:55.155 UTC 001f INFO[0m [comm.grpc.server] [34;1m1[0m -> streaming call completed grpc.service=orderer.AtomicBroadcast grpc.method=Deliver grpc.request_deadline=2022-11-18T14:49:25.154Z grpc.peer_address=127.0.0.1:54236 grpc.code=OK grpc.call_duration=914µs
[         orderer] [34m2022-11-18 14:48:55.166 UTC 0020 INFO[0m [comm.grpc.server] [34;1m1[0m -> streaming call completed grpc.service=orderer.AtomicBroadcast grpc.method=Broadcast grpc.request_deadline=2022-11-18T14:49:25.157Z grpc.peer_address=127.0.0.1:54236 grpc.code=OK grpc.call_duration=8.3684ms
[       microfabd] 2022/11/18 14:48:55 Created channel appchannel
[       microfabd] 2022/11/18 14:48:55 Joining channel appchannel on peer for endorsing organization org2 ...
[       microfabd] 2022/11/18 14:48:55 Joining channel appchannel on peer for endorsing organization org1 ...
[        org2peer] [34m2022-11-18 14:48:55.173 UTC 0024 INFO[0m [ledgermgmt] [34;1mCreateLedger[0m -> Creating ledger [appchannel] with genesis block
[        org2peer] [34m2022-11-18 14:48:55.183 UTC 0025 INFO[0m [blkstorage] [34;1mnewBlockfileMgr[0m -> Getting block information from block storage
[        org1peer] [34m2022-11-18 14:48:55.194 UTC 0026 INFO[0m [kvledger] [34;1mcommit[0m -> [mychannel] Committed block [0] with 1 transaction(s) in 20ms (state_validation=0ms block_and_pvtdata_commit=11ms state_commit=4ms) commitHash=[]
[        org1peer] [34m2022-11-18 14:48:55.194 UTC 0027 INFO[0m [kvledger] [34;1mupdateLedgerStatus[0m -> Updating ledger [mychannel] status to [ACTIVE]
[        org1peer] [34m2022-11-18 14:48:55.198 UTC 0028 INFO[0m [ledgermgmt] [34;1mCreateLedger[0m -> Created ledger [mychannel] with genesis block
[        org1peer] [34m2022-11-18 14:48:55.198 UTC 0029 INFO[0m [ledgermgmt] [34;1mCreateLedger[0m -> Creating ledger [appchannel] with genesis block
[        org1peer] [34m2022-11-18 14:48:55.201 UTC 002a INFO[0m [gossip.gossip] [34;1mJoinChan[0m -> Joining gossip network of channel mychannel with 1 organizations
[        org1peer] [34m2022-11-18 14:48:55.201 UTC 002b INFO[0m [gossip.gossip] [34;1mlearnAnchorPeers[0m -> No configured anchor peers of org1MSP for channel mychannel to learn about
[        org1peer] [34m2022-11-18 14:48:55.201 UTC 002c INFO[0m [gateway] [34;1mconfigUpdate[0m -> Updating orderer config channel=mychannel
[        org1peer] [34m2022-11-18 14:48:55.201 UTC 002d INFO[0m [gossip.state] [34;1mNewGossipStateProvider[0m -> Updating metadata information for channel mychannel, current ledger sequence is at = 0, next expected block is = 1
[        org1peer] [34m2022-11-18 14:48:55.201 UTC 002e INFO[0m [deliveryClient] [34;1mStartDeliverForChannel[0m -> This peer will retrieve blocks from ordering service and disseminate to other peers in the organization for channel mychannel
[        org1peer] [34m2022-11-18 14:48:55.202 UTC 002f INFO[0m [endorser] [34;1mcallChaincode[0m -> finished chaincode: cscc duration: 66ms channel= txID=a5279dbb
[        org1peer] [34m2022-11-18 14:48:55.202 UTC 0030 INFO[0m [comm.grpc.server] [34;1m1[0m -> unary call completed grpc.service=protos.Endorser grpc.method=ProcessProposal grpc.request_deadline=2022-11-18T14:49:25.133Z grpc.peer_address=127.0.0.1:54448 grpc.code=OK grpc.call_duration=68.6106ms
[       microfabd] 2022/11/18 14:48:55 Joined channel mychannel on peer for endorsing organization org1
[       microfabd] 2022/11/18 14:48:55 Created and joined channel mychannel
[        org1peer] [34m2022-11-18 14:48:55.205 UTC 0031 INFO[0m [blkstorage] [34;1mnewBlockfileMgr[0m -> Getting block information from block storage
[        org2peer] [34m2022-11-18 14:48:55.216 UTC 0026 INFO[0m [kvledger] [34;1mcommit[0m -> [appchannel] Committed block [0] with 1 transaction(s) in 23ms (state_validation=1ms block_and_pvtdata_commit=10ms state_commit=5ms) commitHash=[]
[        org2peer] [34m2022-11-18 14:48:55.217 UTC 0027 INFO[0m [kvledger] [34;1mupdateLedgerStatus[0m -> Updating ledger [appchannel] status to [ACTIVE]
[        org2peer] [34m2022-11-18 14:48:55.221 UTC 0028 INFO[0m [ledgermgmt] [34;1mCreateLedger[0m -> Created ledger [appchannel] with genesis block
[        org2peer] [34m2022-11-18 14:48:55.224 UTC 0029 INFO[0m [gossip.gossip] [34;1mJoinChan[0m -> Joining gossip network of channel appchannel with 2 organizations
[        org2peer] [34m2022-11-18 14:48:55.224 UTC 002a INFO[0m [gossip.gossip] [34;1mlearnAnchorPeers[0m -> No configured anchor peers of org1MSP for channel appchannel to learn about
[        org2peer] [34m2022-11-18 14:48:55.224 UTC 002b INFO[0m [gossip.gossip] [34;1mlearnAnchorPeers[0m -> No configured anchor peers of org2MSP for channel appchannel to learn about
[        org2peer] [34m2022-11-18 14:48:55.224 UTC 002c INFO[0m [gateway] [34;1mconfigUpdate[0m -> Updating orderer config channel=appchannel
[        org2peer] [34m2022-11-18 14:48:55.225 UTC 002d INFO[0m [gossip.state] [34;1mNewGossipStateProvider[0m -> Updating metadata information for channel appchannel, current ledger sequence is at = 0, next expected block is = 1
[        org2peer] [34m2022-11-18 14:48:55.225 UTC 002e INFO[0m [deliveryClient] [34;1mStartDeliverForChannel[0m -> This peer will retrieve blocks from ordering service and disseminate to other peers in the organization for channel appchannel
[        org2peer] [34m2022-11-18 14:48:55.225 UTC 002f INFO[0m [endorser] [34;1mcallChaincode[0m -> finished chaincode: cscc duration: 56ms channel= txID=373c0b53
[        org2peer] [34m2022-11-18 14:48:55.225 UTC 0030 INFO[0m [comm.grpc.server] [34;1m1[0m -> unary call completed grpc.service=protos.Endorser grpc.method=ProcessProposal grpc.request_deadline=2022-11-18T14:49:25.168Z grpc.peer_address=127.0.0.1:36788 grpc.code=OK grpc.call_duration=57.3522ms
[       microfabd] 2022/11/18 14:48:55 Joined channel appchannel on peer for endorsing organization org2
[        org1peer] [34m2022-11-18 14:48:55.236 UTC 0032 INFO[0m [kvledger] [34;1mcommit[0m -> [appchannel] Committed block [0] with 1 transaction(s) in 17ms (state_validation=0ms block_and_pvtdata_commit=11ms state_commit=3ms) commitHash=[]
[        org1peer] [34m2022-11-18 14:48:55.237 UTC 0033 INFO[0m [kvledger] [34;1mupdateLedgerStatus[0m -> Updating ledger [appchannel] status to [ACTIVE]
[        org1peer] [34m2022-11-18 14:48:55.239 UTC 0034 INFO[0m [ledgermgmt] [34;1mCreateLedger[0m -> Created ledger [appchannel] with genesis block
[        org1peer] [34m2022-11-18 14:48:55.243 UTC 0035 INFO[0m [gossip.gossip] [34;1mJoinChan[0m -> Joining gossip network of channel appchannel with 2 organizations
[        org1peer] [34m2022-11-18 14:48:55.243 UTC 0036 INFO[0m [gossip.gossip] [34;1mlearnAnchorPeers[0m -> No configured anchor peers of org1MSP for channel appchannel to learn about
[        org1peer] [34m2022-11-18 14:48:55.243 UTC 0037 INFO[0m [gossip.gossip] [34;1mlearnAnchorPeers[0m -> No configured anchor peers of org2MSP for channel appchannel to learn about
[        org1peer] [34m2022-11-18 14:48:55.243 UTC 0038 INFO[0m [gateway] [34;1mconfigUpdate[0m -> Updating orderer config channel=appchannel
[        org1peer] [34m2022-11-18 14:48:55.244 UTC 0039 INFO[0m [gossip.state] [34;1mNewGossipStateProvider[0m -> Updating metadata information for channel appchannel, current ledger sequence is at = 0, next expected block is = 1
[        org1peer] [34m2022-11-18 14:48:55.244 UTC 003a INFO[0m [deliveryClient] [34;1mStartDeliverForChannel[0m -> This peer will retrieve blocks from ordering service and disseminate to other peers in the organization for channel appchannel
[        org1peer] [34m2022-11-18 14:48:55.244 UTC 003b INFO[0m [endorser] [34;1mcallChaincode[0m -> finished chaincode: cscc duration: 75ms channel= txID=3325171b
[        org1peer] [34m2022-11-18 14:48:55.244 UTC 003c INFO[0m [comm.grpc.server] [34;1m1[0m -> unary call completed grpc.service=protos.Endorser grpc.method=ProcessProposal grpc.request_deadline=2022-11-18T14:49:25.168Z grpc.peer_address=127.0.0.1:54448 grpc.code=OK grpc.call_duration=76.031ms
[       microfabd] 2022/11/18 14:48:55 Joined channel appchannel on peer for endorsing organization org1
[       microfabd] 2022/11/18 14:48:55 Created and joined channel appchannel
[       microfabd] 2022/11/18 14:48:55 Microfab started in 791ms
[        org1peer] [31m2022-11-18 14:48:57.371 UTC 003d ERRO[0m [comm.tls] [31;1mClientHandshake[0m -> Client TLS handshake failed after 1.3043ms with error: x509: certificate relies on legacy Common Name field, use SANs instead remoteaddress=127.0.0.1:8080
[        org1peer] [31m2022-11-18 14:48:57.371 UTC 003e ERRO[0m [comm.tls] [31;1mClientHandshake[0m -> Client TLS handshake failed after 1.7343ms with error: x509: certificate relies on legacy Common Name field, use SANs instead remoteaddress=127.0.0.1:8080
[        org2peer] [31m2022-11-18 14:48:57.392 UTC 0031 ERRO[0m [comm.tls] [31;1mClientHandshake[0m -> Client TLS handshake failed after 1.0425ms with error: x509: certificate relies on legacy Common Name field, use SANs instead remoteaddress=127.0.0.1:8080
[        org1peer] [33m2022-11-18 14:48:58.203 UTC 003f WARN[0m [peer.blocksprovider] [33;1mDeliverBlocks[0m -> Could not connect to ordering service: could not dial endpoint 'orderer-api.localho.st:8080': failed to create new connection: context deadline exceeded channel=mychannel
[        org2peer] [33m2022-11-18 14:48:58.226 UTC 0032 WARN[0m [peer.blocksprovider] [33;1mDeliverBlocks[0m -> Could not connect to ordering service: could not dial endpoint 'orderer-api.localho.st:8080': failed to create new connection: context deadline exceeded channel=appchannel
[        org1peer] [33m2022-11-18 14:48:58.245 UTC 0040 WARN[0m [peer.blocksprovider] [33;1mDeliverBlocks[0m -> Could not connect to ordering service: could not dial endpoint 'orderer-api.localho.st:8080': failed to create new connection: context deadline exceeded channel=appchannel
[        org1peer] [31m2022-11-18 14:48:58.471 UTC 0041 ERRO[0m [comm.tls] [31;1mClientHandshake[0m -> Client TLS handshake failed after 1.3678ms with error: x509: certificate relies on legacy Common Name field, use SANs instead remoteaddress=127.0.0.1:8080
[        org1peer] [31m2022-11-18 14:48:58.471 UTC 0042 ERRO[0m [comm.tls] [31;1mClientHandshake[0m -> Client TLS handshake failed after 1.3523ms with error: x509: certificate relies on legacy Common Name field, use SANs instead remoteaddress=127.0.0.1:8080
[        org1peer] [31m2022-11-18 14:48:59.635 UTC 0043 ERRO[0m [comm.tls] [31;1mClientHandshake[0m -> Client TLS handshake failed after 1.252ms with error: x509: certificate relies on legacy Common Name field, use SANs instead remoteaddress=127.0.0.1:8080
[        org1peer] [31m2022-11-18 14:48:59.635 UTC 0044 ERRO[0m [comm.tls] [31;1mClientHandshake[0m -> Client TLS handshake failed after 1.656ms with error: x509: certificate relies on legacy Common Name field, use SANs instead remoteaddress=127.0.0.1:8080
[        org2peer] [31m2022-11-18 14:49:00.379 UTC 0033 ERRO[0m [comm.tls] [31;1mClientHandshake[0m -> Client TLS handshake failed after 953.9µs with error: x509: certificate relies on legacy Common Name field, use SANs instead remoteaddress=127.0.0.1:8080
[        org1peer] [31m2022-11-18 14:49:01.020 UTC 0045 ERRO[0m [comm.tls] [31;1mClientHandshake[0m -> Client TLS handshake failed after 1.3097ms with error: x509: certificate relies on legacy Common Name field, use SANs instead remoteaddress=127.0.0.1:8080
[        org1peer] [31m2022-11-18 14:49:01.132 UTC 0046 ERRO[0m [comm.tls] [31;1mClientHandshake[0m -> Client TLS handshake failed after 968.9µs with error: x509: certificate relies on legacy Common Name field, use SANs instead remoteaddress=127.0.0.1:8080
[        org1peer] [33m2022-11-18 14:49:01.304 UTC 0047 WARN[0m [peer.blocksprovider] [33;1mDeliverBlocks[0m -> Could not connect to ordering service: could not dial endpoint 'orderer-api.localho.st:8080': failed to create new connection: context deadline exceeded channel=mychannel
[        org2peer] [33m2022-11-18 14:49:01.328 UTC 0034 WARN[0m [peer.blocksprovider] [33;1mDeliverBlocks[0m -> Could not connect to ordering service: could not dial endpoint 'orderer-api.localho.st:8080': failed to create new connection: context deadline exceeded channel=appchannel
[        org1peer] [33m2022-11-18 14:49:01.346 UTC 0048 WARN[0m [peer.blocksprovider] [33;1mDeliverBlocks[0m -> Could not connect to ordering service: could not dial endpoint 'orderer-api.localho.st:8080': failed to create new connection: context deadline exceeded channel=appchannel
[        org1peer] [31m2022-11-18 14:49:03.472 UTC 0049 ERRO[0m [comm.tls] [31;1mClientHandshake[0m -> Client TLS handshake failed after 1.2345ms with error: x509: certificate relies on legacy Common Name field, use SANs instead remoteaddress=127.0.0.1:8080
[        org1peer] [31m2022-11-18 14:49:03.472 UTC 004a ERRO[0m [comm.tls] [31;1mClientHandshake[0m -> Client TLS handshake failed after 1.5732ms with error: x509: certificate relies on legacy Common Name field, use SANs instead remoteaddress=127.0.0.1:8080
[        org2peer] [31m2022-11-18 14:49:03.498 UTC 0035 ERRO[0m [comm.tls] [31;1mClientHandshake[0m -> Client TLS handshake failed after 1.175ms with error: x509: certificate relies on legacy Common Name field, use SANs instead remoteaddress=127.0.0.1:8080
[        org1peer] [33m2022-11-18 14:49:04.426 UTC 004b WARN[0m [peer.blocksprovider] [33;1mDeliverBlocks[0m -> Could not connect to ordering service: could not dial endpoint 'orderer-api.localho.st:8080': failed to create new connection: context deadline exceeded channel=mychannel
[        org2peer] [33m2022-11-18 14:49:04.450 UTC 0036 WARN[0m [peer.blocksprovider] [33;1mDeliverBlocks[0m -> Could not connect to ordering service: could not dial endpoint 'orderer-api.localho.st:8080': failed to create new connection: context deadline exceeded channel=appchannel
[        org1peer] [33m2022-11-18 14:49:04.467 UTC 004c WARN[0m [peer.blocksprovider] [33;1mDeliverBlocks[0m -> Could not connect to ordering service: could not dial endpoint 'orderer-api.localho.st:8080': failed to create new connection: context deadline exceeded channel=appchannel
[        org1peer] [31m2022-11-18 14:49:04.583 UTC 004d ERRO[0m [comm.tls] [31;1mClientHandshake[0m -> Client TLS handshake failed after 1.0287ms with error: x509: certificate relies on legacy Common Name field, use SANs instead remoteaddress=127.0.0.1:8080
[        org2peer] [31m2022-11-18 14:49:04.606 UTC 0037 ERRO[0m [comm.tls] [31;1mClientHandshake[0m -> Client TLS handshake failed after 1.0546ms with error: x509: certificate relies on legacy Common Name field, use SANs instead remoteaddress=127.0.0.1:8080
[        org1peer] [31m2022-11-18 14:49:04.623 UTC 004e ERRO[0m [comm.tls] [31;1mClientHandshake[0m -> Client TLS handshake failed after 932.3µs with error: x509: certificate relies on legacy Common Name field, use SANs instead remoteaddress=127.0.0.1:8080
